
--- kernel_log (step=1, dt=0.00018341, halvings=5) ---
0000     PIC base gid=0      a=9.6121 b=0.960826 c=-2.45651e-07 d=-2.3385e-05

--- kernel_log (step=2, dt=9.39353e-05, halvings=6) ---
0000     PIC base gid=0      a=9.67333 b=0.891516 c=-3.58367e-07 d=-2.34028e-05

--- kernel_log (step=3, dt=9.65858e-05, halvings=6) ---
0000     PIC base gid=0      a=9.67363 b=0.834699 c=-4.62608e-07 d=-2.34141e-05

--- kernel_log (step=4, dt=9.94331e-05, halvings=6) ---
0000     PIC base gid=0      a=9.67388 b=0.780826 c=-5.56042e-07 d=-2.34258e-05

--- kernel_log (step=5, dt=0.000102537, halvings=6) ---
0000     PIC base gid=0      a=9.67411 b=0.72875 c=-6.37209e-07 d=-2.34376e-05

--- kernel_log (step=6, dt=0.000105957, halvings=6) ---
0000     PIC base gid=0      a=9.67432 b=0.677743 c=-7.05775e-07 d=-2.34489e-05

--- kernel_log (step=7, dt=0.000109751, halvings=6) ---
0000     PIC base gid=0      a=9.67453 b=0.627348 c=-7.61601e-07 d=-2.34594e-05

--- kernel_log (step=8, dt=0.00011399, halvings=6) ---
0000     PIC base gid=0      a=9.67475 b=0.577291 c=-8.04595e-07 d=-2.34682e-05

--- kernel_log (step=9, dt=0.000118768, halvings=6) ---
0000     PIC base gid=0      a=9.67499 b=0.527415 c=-8.34962e-07 d=-2.34748e-05

--- kernel_log (step=10, dt=0.000124208, halvings=6) ---
0000     PIC base gid=0      a=9.67526 b=0.477646 c=-8.53644e-07 d=-2.34788e-05

--- kernel_log (step=11, dt=6.52379e-05, halvings=7) ---
0000     PIC base gid=0      a=9.70362 b=0.429284 c=-8.61556e-07 d=-2.348e-05

--- kernel_log (step=12, dt=6.89616e-05, halvings=7) ---
0000     PIC base gid=0      a=9.70381 b=0.379058 c=-8.64698e-07 d=-2.34815e-05

--- kernel_log (step=13, dt=7.33861e-05, halvings=7) ---
0000     PIC base gid=0      a=9.70405 b=0.328875 c=-8.63314e-07 d=-2.34832e-05

--- kernel_log (step=14, dt=7.87904e-05, halvings=7) ---
0000     PIC base gid=0      a=9.70435 b=0.27874 c=-8.59416e-07 d=-2.34851e-05

--- kernel_log (step=15, dt=8.55991e-05, halvings=7) ---
0000     PIC base gid=0      a=9.70479 b=0.228662 c=-8.55362e-07 d=-2.34871e-05

--- kernel_log (step=16, dt=9.45483e-05, halvings=7) ---
0000     PIC base gid=0      a=9.70542 b=0.178652 c=-8.51285e-07 d=-2.34893e-05

--- kernel_log (step=17, dt=5.35298e-05, halvings=8) ---
0000     PIC base gid=0      a=9.71903 b=0.128907 c=-8.49471e-07 d=-2.34904e-05

--- kernel_log (step=18, dt=6.32925e-05, halvings=8) ---
0000     PIC base gid=0      a=9.71998 b=0.0785873 c=-8.47915e-07 d=-2.34916e-05

--- kernel_log (step=19, dt=8.16188e-05, halvings=8) ---
0000     PIC base gid=0      a=9.72254 b=0.0283504 c=-8.46842e-07 d=-2.34925e-05

--- kernel_log (step=20, dt=7.04942e-05, halvings=9) ---
0000     PIC base gid=0      a=9.73121 b=3.10954e-08 c=-8.46887e-07 d=-2.34926e-05

--- kernel_log (step=21, dt=0.906736) ---
0000     PIC base gid=0      a=9.50037 b=0 c=-8.19946e-07 d=-2.35077e-05

--- kernel_log (step=22, dt=0.000137884, halvings=4) ---
0000     PIC base gid=0      a=9.36759 b=5.00399 c=-2.57926e-06 d=-0.000136797

--- kernel_log (step=23, dt=7.17919e-05, halvings=6) ---
0000     PIC base gid=0      a=9.57245 b=1.05364e-05 c=-2.78451e-06 d=-0.00013679

--- kernel_log (step=24, dt=7.28493e-05, halvings=6) ---
0000     PIC base gid=0      a=9.57249 b=9.36623e-06 c=-2.9687e-06 d=-0.000136783

--- kernel_log (step=25, dt=7.39249e-05, halvings=6) ---
0000     PIC base gid=0      a=9.57252 b=8.29546e-06 c=-3.13392e-06 d=-0.000136777

--- kernel_log (step=26, dt=7.49893e-05, halvings=6) ---
0000     PIC base gid=0      a=9.57255 b=7.31278e-06 c=-3.28157e-06 d=-0.000136771

--- kernel_log (step=27, dt=7.60994e-05, halvings=6) ---
0000     PIC base gid=0      a=9.57257 b=6.41931e-06 c=-3.41287e-06 d=-0.000136766

--- kernel_log (step=28, dt=7.72593e-05, halvings=6) ---
0000     PIC base gid=0      a=9.57259 b=5.56228e-06 c=-3.52889e-06 d=-0.000136762

--- kernel_log (step=29, dt=7.84731e-05, halvings=6) ---
0000     PIC base gid=0      a=9.57262 b=4.76754e-06 c=-3.63049e-06 d=-0.000136759

--- kernel_log (step=30, dt=7.97452e-05, halvings=6) ---
0000     PIC base gid=0      a=9.57264 b=4.0399e-06 c=-3.7185e-06 d=-0.000136756

--- kernel_log (step=31, dt=8.10807e-05, halvings=6) ---
0000     PIC base gid=0      a=9.57267 b=3.3812e-06 c=-3.79369e-06 d=-0.000136754

--- kernel_log (step=32, dt=8.24853e-05, halvings=6) ---
0000     PIC base gid=0      a=9.57269 b=2.77826e-06 c=-3.85689e-06 d=-0.000136752

--- kernel_log (step=33, dt=8.39651e-05, halvings=6) ---
0000     PIC base gid=0      a=9.57271 b=2.22921e-06 c=-3.90888e-06 d=-0.000136751

--- kernel_log (step=34, dt=8.55274e-05, halvings=6) ---
0000     PIC base gid=0      a=9.57274 b=1.72758e-06 c=-3.95034e-06 d=-0.00013675

--- kernel_log (step=35, dt=8.71798e-05, halvings=6) ---
0000     PIC base gid=0      a=9.57278 b=1.26914e-06 c=-3.98191e-06 d=-0.000136749

--- kernel_log (step=36, dt=8.89317e-05, halvings=6) ---
0000     PIC base gid=0      a=9.57281 b=8.50186e-07 c=-4.00416e-06 d=-0.000136748

--- kernel_log (step=37, dt=9.07932e-05, halvings=6) ---
0000     PIC base gid=0      a=9.57286 b=4.67218e-07 c=-4.0176e-06 d=-0.000136748

--- kernel_log (step=38, dt=9.27764e-05, halvings=6) ---
0000     PIC base gid=0      a=9.57293 b=1.07893e-07 c=-4.02268e-06 d=-0.000136748

--- kernel_log (step=39, dt=9.48952e-05, halvings=6) ---
0000     PIC base gid=0      a=9.573 b=0 c=-4.02489e-06 d=-0.000136748

--- kernel_log (step=40, dt=9.71658e-05, halvings=6) ---
0000     PIC base gid=0      a=9.573 b=0 c=-4.0271e-06 d=-0.000136748

--- kernel_log (step=41, dt=9.9607e-05, halvings=6) ---
0000     PIC base gid=0      a=9.57299 b=0 c=-4.02931e-06 d=-0.000136748

--- kernel_log (step=42, dt=5.11206e-05, halvings=7) ---
0000     PIC base gid=0      a=9.57303 b=0 c=-4.03153e-06 d=-0.000136748

--- kernel_log (step=43, dt=5.25555e-05, halvings=7) ---
0000     PIC base gid=0      a=9.57303 b=0 c=-4.03375e-06 d=-0.000136748

--- kernel_log (step=44, dt=5.41185e-05, halvings=7) ---
0000     PIC base gid=0      a=9.57303 b=0 c=-4.03598e-06 d=-0.000136749

--- kernel_log (step=45, dt=5.58298e-05, halvings=7) ---
0000     PIC base gid=0      a=9.57302 b=0 c=-4.0382e-06 d=-0.000136749

--- kernel_log (step=46, dt=5.77145e-05, halvings=7) ---
0000     PIC base gid=0      a=9.57302 b=0 c=-4.04043e-06 d=-0.000136749

--- kernel_log (step=47, dt=5.98039e-05, halvings=7) ---
0000     PIC base gid=0      a=9.57302 b=0 c=-4.04265e-06 d=-0.00013675

--- kernel_log (step=48, dt=6.21381e-05, halvings=7) ---
0000     PIC base gid=0      a=9.57302 b=0 c=-4.04487e-06 d=-0.00013675

--- kernel_log (step=49, dt=6.47689e-05, halvings=7) ---
0000     PIC base gid=0      a=9.57302 b=0 c=-4.04709e-06 d=-0.000136751

--- kernel_log (step=50, dt=6.7765e-05, halvings=7) ---
0000     PIC base gid=0      a=9.57302 b=0 c=-4.04931e-06 d=-0.000136751

--- kernel_log (step=51, dt=7.12118e-05, halvings=7) ---
0000     PIC base gid=0      a=9.57301 b=0 c=-4.05153e-06 d=-0.000136752

--- kernel_log (step=52, dt=7.51881e-05, halvings=7) ---
0000     PIC base gid=0      a=9.57301 b=0 c=-4.05375e-06 d=-0.000136753

--- kernel_log (step=53, dt=7.99096e-05, halvings=7) ---
0000     PIC base gid=0      a=9.57301 b=0 c=-4.05596e-06 d=-0.000136753

--- kernel_log (step=54, dt=8.56424e-05, halvings=7) ---
0000     PIC base gid=0      a=9.573 b=0 c=-4.05816e-06 d=-0.000136754

--- kernel_log (step=55, dt=9.28072e-05, halvings=7) ---
0000     PIC base gid=0      a=9.573 b=0 c=-4.06037e-06 d=-0.000136755

--- kernel_log (step=56, dt=0.000102119, halvings=7) ---
0000     PIC base gid=0      a=9.57299 b=0 c=-4.06256e-06 d=-0.000136755

--- kernel_log (step=57, dt=0.000114918, halvings=7) ---
0000     PIC base gid=0      a=9.57298 b=0 c=-4.06475e-06 d=-0.000136756

--- kernel_log (step=58, dt=6.70541e-05, halvings=8) ---
0000     PIC base gid=0      a=9.57294 b=0 c=-4.06694e-06 d=-0.000136757

--- kernel_log (step=59, dt=8.41134e-05, halvings=8) ---
0000     PIC base gid=0      a=9.57293 b=0 c=-4.06913e-06 d=-0.000136757

--- kernel_log (step=60, dt=0.00012855, halvings=8) ---
0000     PIC base gid=0      a=9.5729 b=0 c=-4.0713e-06 d=-0.000136758

--- kernel_log (step=61, dt=0.478422) ---
0000     PIC base gid=0      a=9.24594 b=0 c=-4.01983e-06 d=-0.000136736

--- kernel_log (step=62, dt=0.000173086, halvings=4) ---
0000     PIC base gid=0      a=9.07213 b=2.9778 c=-5.44848e-06 d=-0.000222758

--- kernel_log (step=63, dt=0.00010908, halvings=5) ---
0000     PIC base gid=0      a=9.2629 b=0.000115499 c=-6.57899e-06 d=-0.000222694

--- kernel_log (step=64, dt=5.74506e-05, halvings=6) ---
0000     PIC base gid=0      a=9.26367 b=9.27196e-05 c=-7.10332e-06 d=-0.000222652

--- kernel_log (step=65, dt=5.82655e-05, halvings=6) ---
0000     PIC base gid=0      a=9.26368 b=8.43187e-05 c=-7.58963e-06 d=-0.000222612

--- kernel_log (step=66, dt=5.89125e-05, halvings=6) ---
0000     PIC base gid=0      a=9.26369 b=7.6756e-05 c=-8.04044e-06 d=-0.000222577

--- kernel_log (step=67, dt=5.94796e-05, halvings=6) ---
0000     PIC base gid=0      a=9.26371 b=6.98367e-05 c=-8.45796e-06 d=-0.000222545

--- kernel_log (step=68, dt=6.00082e-05, halvings=6) ---
0000     PIC base gid=0      a=9.26373 b=6.34403e-05 c=-8.84418e-06 d=-0.000222517

--- kernel_log (step=69, dt=6.05289e-05, halvings=6) ---
0000     PIC base gid=0      a=9.26375 b=5.75206e-05 c=-9.20101e-06 d=-0.000222493

--- kernel_log (step=70, dt=6.10441e-05, halvings=6) ---
0000     PIC base gid=0      a=9.26377 b=5.20234e-05 c=-9.53011e-06 d=-0.000222472

--- kernel_log (step=71, dt=6.15558e-05, halvings=6) ---
0000     PIC base gid=0      a=9.26379 b=4.69154e-05 c=-9.83309e-06 d=-0.000222455

--- kernel_log (step=72, dt=6.20661e-05, halvings=6) ---
0000     PIC base gid=0      a=9.26381 b=4.21752e-05 c=-1.01114e-05 d=-0.00022244

--- kernel_log (step=73, dt=6.25765e-05, halvings=6) ---
0000     PIC base gid=0      a=9.26384 b=3.77638e-05 c=-1.03665e-05 d=-0.000222429

--- kernel_log (step=74, dt=6.30887e-05, halvings=6) ---
0000     PIC base gid=0      a=9.26386 b=3.36706e-05 c=-1.05998e-05 d=-0.00022242

--- kernel_log (step=75, dt=6.36041e-05, halvings=6) ---
0000     PIC base gid=0      a=9.26389 b=2.98635e-05 c=-1.08123e-05 d=-0.000222414

--- kernel_log (step=76, dt=6.4124e-05, halvings=6) ---
0000     PIC base gid=0      a=9.26392 b=2.63333e-05 c=-1.10054e-05 d=-0.00022241

--- kernel_log (step=77, dt=6.46498e-05, halvings=6) ---
0000     PIC base gid=0      a=9.26396 b=2.30785e-05 c=-1.11802e-05 d=-0.000222409

--- kernel_log (step=78, dt=6.51827e-05, halvings=6) ---
0000     PIC base gid=0      a=9.26398 b=2.01085e-05 c=-1.13379e-05 d=-0.000222409

--- kernel_log (step=79, dt=6.5724e-05, halvings=6) ---
0000     PIC base gid=0      a=9.26399 b=1.73807e-05 c=-1.14796e-05 d=-0.000222411

--- kernel_log (step=80, dt=6.62746e-05, halvings=6) ---
0000     PIC base gid=0      a=9.264 b=1.48813e-05 c=-1.16063e-05 d=-0.000222415

--- kernel_log (step=81, dt=6.6836e-05, halvings=6) ---
0000     PIC base gid=0      a=9.26402 b=1.25874e-05 c=-1.17191e-05 d=-0.00022242

--- kernel_log (step=82, dt=6.7409e-05, halvings=6) ---
0000     PIC base gid=0      a=9.26403 b=1.04873e-05 c=-1.1819e-05 d=-0.000222426

--- kernel_log (step=83, dt=6.79949e-05, halvings=6) ---
0000     PIC base gid=0      a=9.26397 b=8.56291e-06 c=-1.19067e-05 d=-0.000222433

--- kernel_log (step=84, dt=6.85948e-05, halvings=6) ---
0000     PIC base gid=0      a=9.26391 b=6.80504e-06 c=-1.1983e-05 d=-0.000222442

--- kernel_log (step=85, dt=6.92098e-05, halvings=6) ---
0000     PIC base gid=0      a=9.26392 b=5.20179e-06 c=-1.20487e-05 d=-0.000222451

--- kernel_log (step=86, dt=6.98412e-05, halvings=6) ---
0000     PIC base gid=0      a=9.26386 b=3.74962e-06 c=-1.21046e-05 d=-0.000222461

--- kernel_log (step=87, dt=7.049e-05, halvings=6) ---
0000     PIC base gid=0      a=9.26379 b=2.45346e-06 c=-1.21511e-05 d=-0.000222472

--- kernel_log (step=88, dt=7.11575e-05, halvings=6) ---
0000     PIC base gid=0      a=9.26372 b=1.37876e-06 c=-1.21891e-05 d=-0.000222484

--- kernel_log (step=89, dt=7.1845e-05, halvings=6) ---
0000     PIC base gid=0      a=9.26365 b=1.15507e-06 c=-1.22239e-05 d=-0.000222496

--- kernel_log (step=90, dt=7.25537e-05, halvings=6) ---
0000     PIC base gid=0      a=9.26365 b=1.12434e-06 c=-1.22585e-05 d=-0.000222508

--- kernel_log (step=91, dt=7.32851e-05, halvings=6) ---
0000     PIC base gid=0      a=9.26358 b=1.09328e-06 c=-1.22927e-05 d=-0.00022252

--- kernel_log (step=92, dt=7.40405e-05, halvings=6) ---
0000     PIC base gid=0      a=9.26351 b=1.06188e-06 c=-1.23267e-05 d=-0.000222533

--- kernel_log (step=93, dt=7.48215e-05, halvings=6) ---
0000     PIC base gid=0      a=9.26351 b=1.03014e-06 c=-1.23604e-05 d=-0.000222546

--- kernel_log (step=94, dt=7.56296e-05, halvings=6) ---
0000     PIC base gid=0      a=9.26345 b=9.98017e-07 c=-1.23939e-05 d=-0.00022256

--- kernel_log (step=95, dt=7.64666e-05, halvings=6) ---
0000     PIC base gid=0      a=9.26338 b=9.65517e-07 c=-1.24271e-05 d=-0.000222573

--- kernel_log (step=96, dt=7.73343e-05, halvings=6) ---
0000     PIC base gid=0      a=9.26331 b=9.32638e-07 c=-1.24601e-05 d=-0.000222587

--- kernel_log (step=97, dt=7.82345e-05, halvings=6) ---
0000     PIC base gid=0      a=9.26324 b=8.99367e-07 c=-1.24928e-05 d=-0.0002226

--- kernel_log (step=98, dt=7.91695e-05, halvings=6) ---
0000     PIC base gid=0      a=9.26324 b=8.6569e-07 c=-1.25253e-05 d=-0.000222614

--- kernel_log (step=99, dt=8.01414e-05, halvings=6) ---
0000     PIC base gid=0      a=9.26317 b=8.31586e-07 c=-1.25575e-05 d=-0.000222627

--- kernel_log (step=100, dt=8.11527e-05, halvings=6) ---
0000     PIC base gid=0      a=9.2631 b=7.97041e-07 c=-1.25895e-05 d=-0.000222641

--- kernel_log (step=101, dt=8.22061e-05, halvings=6) ---
0000     PIC base gid=0      a=9.2631 b=7.62041e-07 c=-1.26213e-05 d=-0.000222655

--- kernel_log (step=102, dt=8.33046e-05, halvings=6) ---
0000     PIC base gid=0      a=9.26303 b=7.26564e-07 c=-1.26529e-05 d=-0.000222669

--- kernel_log (step=103, dt=8.44513e-05, halvings=6) ---
0000     PIC base gid=0      a=9.26297 b=6.90594e-07 c=-1.26843e-05 d=-0.000222682

--- kernel_log (step=104, dt=8.56498e-05, halvings=6) ---
0000     PIC base gid=0      a=9.2629 b=6.54116e-07 c=-1.27154e-05 d=-0.000222696

--- kernel_log (step=105, dt=8.68846e-05, halvings=6) ---
0000     PIC base gid=0      a=9.26283 b=6.16837e-07 c=-1.27463e-05 d=-0.00022271

--- kernel_log (step=106, dt=8.81078e-05, halvings=6) ---
0000     PIC base gid=0      a=9.26283 b=5.7812e-07 c=-1.27769e-05 d=-0.000222723

--- kernel_log (step=107, dt=8.93836e-05, halvings=6) ---
0000     PIC base gid=0      a=9.2627 b=5.38895e-07 c=-1.28073e-05 d=-0.000222737

--- kernel_log (step=108, dt=9.0716e-05, halvings=6) ---
0000     PIC base gid=0      a=9.26249 b=4.99179e-07 c=-1.28375e-05 d=-0.00022275

--- kernel_log (step=109, dt=9.21093e-05, halvings=6) ---
0000     PIC base gid=0      a=9.26235 b=4.58994e-07 c=-1.28675e-05 d=-0.000222764

--- kernel_log (step=110, dt=9.35683e-05, halvings=6) ---
0000     PIC base gid=0      a=9.26221 b=4.18371e-07 c=-1.28973e-05 d=-0.000222777

--- kernel_log (step=111, dt=9.50984e-05, halvings=6) ---
0000     PIC base gid=0      a=9.26208 b=3.77356e-07 c=-1.29268e-05 d=-0.00022279

--- kernel_log (step=112, dt=9.67054e-05, halvings=6) ---
0000     PIC base gid=0      a=9.26187 b=3.36015e-07 c=-1.29561e-05 d=-0.000222803

--- kernel_log (step=113, dt=9.83961e-05, halvings=6) ---
0000     PIC base gid=0      a=9.26166 b=2.94442e-07 c=-1.29852e-05 d=-0.000222816

--- kernel_log (step=114, dt=0.000100178, halvings=6) ---
0000     PIC base gid=0      a=9.2616 b=2.52774e-07 c=-1.30141e-05 d=-0.000222829

--- kernel_log (step=115, dt=0.00010206, halvings=6) ---
0000     PIC base gid=0      a=9.26147 b=2.11195e-07 c=-1.30427e-05 d=-0.000222842

--- kernel_log (step=116, dt=0.000104051, halvings=6) ---
0000     PIC base gid=0      a=9.26126 b=1.69978e-07 c=-1.30712e-05 d=-0.000222855

--- kernel_log (step=117, dt=5.30812e-05, halvings=7) ---
0000     PIC base gid=0      a=9.26124 b=3.23374e-08 c=-1.30993e-05 d=-0.000222868

--- kernel_log (step=118, dt=5.42078e-05, halvings=7) ---
0000     PIC base gid=0      a=9.26124 b=2.25002e-08 c=-1.31273e-05 d=-0.00022288

--- kernel_log (step=119, dt=5.54093e-05, halvings=7) ---
0000     PIC base gid=0      a=9.26125 b=1.32537e-08 c=-1.31552e-05 d=-0.000222893

--- kernel_log (step=120, dt=5.66945e-05, halvings=7) ---
0000     PIC base gid=0      a=9.26125 b=5.07085e-09 c=-1.31829e-05 d=-0.000222905
