
--- kernel_log (step=1, dt=0.00018341, halvings=5) ---
0000     PIC base gid=0      a=9.6121 b=0.960826 c=-2.45651e-07 d=-2.3385e-05

--- kernel_log (step=2, dt=2.88936) ---
0000     PIC base gid=0      a=9.08384 b=0 c=-7.14036e-07 d=-2.35364e-05

--- kernel_log (step=3, dt=0.000150635, halvings=4) ---
0000     PIC base gid=0      a=9.20563 b=4.99038 c=-3.80283e-06 d=-0.000152903

--- kernel_log (step=4, dt=0.662249) ---
0000     PIC base gid=0      a=8.68714 b=0 c=-6.44832e-06 d=-0.000152937

--- kernel_log (step=5, dt=0.969821) ---
0000     PIC base gid=0      a=8.15261 b=0 c=-9.20635e-06 d=-0.00015179

--- kernel_log (step=6, dt=1.17548) ---
0000     PIC base gid=0      a=7.59878 b=0 c=-1.12059e-05 d=-0.000149434

--- kernel_log (step=7, dt=1.25284) ---
0000     PIC base gid=0      a=7.06678 b=0 c=-1.25945e-05 d=-0.000145555

--- kernel_log (step=8, dt=1.31175) ---
0000     PIC base gid=0      a=6.55656 b=0 c=-1.3847e-05 d=-0.000139498

--- kernel_log (step=9, dt=1.38879) ---
0000     PIC base gid=0      a=6.0645 b=0 c=-1.54582e-05 d=-0.000130146

--- kernel_log (step=10, dt=1.39617) ---
0000     PIC base gid=0      a=5.62694 b=0 c=-1.7599e-05 d=-0.000117147

--- kernel_log (step=11, dt=1.42063) ---
0000     PIC base gid=0      a=5.24432 b=0 c=-1.99716e-05 d=-0.000101474

--- kernel_log (step=12, dt=1.46719) ---
0000     PIC base gid=0      a=4.91442 b=0 c=-2.2496e-05 d=-8.33972e-05

--- kernel_log (step=13, dt=1.53203) ---
0000     PIC base gid=0      a=4.66494 b=0 c=-2.50144e-05 d=-6.08003e-05

--- kernel_log (step=14, dt=1.53515) ---
0000     PIC base gid=0      a=4.49502 b=0 c=-2.72846e-05 d=-3.51366e-05

--- kernel_log (step=15, dt=1.53837) ---
0000     PIC base gid=0      a=4.35853 b=0 c=-2.90452e-05 d=-9.11836e-06

--- kernel_log (step=16, dt=1.54404) ---
0000     PIC base gid=0      a=4.2489 b=0 c=-3.00476e-05 d=1.42448e-05

--- kernel_log (step=17, dt=1.56816) ---
0000     PIC base gid=0      a=4.16698 b=0 c=-3.01312e-05 d=3.29964e-05

--- kernel_log (step=18, dt=1.63864) ---
0000     PIC base gid=0      a=4.12421 b=0 c=-2.91305e-05 d=4.64491e-05

--- kernel_log (step=19, dt=1.75791) ---
0000     PIC base gid=0      a=4.13124 b=0 c=-2.7032e-05 d=5.48709e-05

--- kernel_log (step=20, dt=1.89737) ---
0000     PIC base gid=0      a=4.2107 b=0 c=-2.38335e-05 d=5.8813e-05

--- kernel_log (step=21, dt=1.94618) ---
0000     PIC base gid=0      a=4.44913 b=0 c=-2.04572e-05 d=6.13222e-05

--- kernel_log (step=22, dt=1.97146) ---
0000     PIC base gid=0      a=4.85056 b=0 c=-1.73093e-05 d=6.39972e-05

--- kernel_log (step=23, dt=1.97855) ---
0000     PIC base gid=0      a=5.42836 b=0 c=-1.43716e-05 d=6.68357e-05

--- kernel_log (step=24, dt=1.98574) ---
0000     PIC base gid=0      a=6.21039 b=0 c=-1.17746e-05 d=6.95804e-05

--- kernel_log (step=25, dt=2.0165) ---
0000     PIC base gid=0      a=7.19363 b=0 c=-9.44366e-06 d=7.21385e-05

--- kernel_log (step=26, dt=2.08437) ---
0000     PIC base gid=0      a=8.38108 b=0 c=-7.29614e-06 d=7.4483e-05

--- kernel_log (step=27, dt=2.09306) ---
0000     PIC base gid=0      a=7.93746 b=0 c=-4.85719e-06 d=7.69413e-05

--- kernel_log (step=28, dt=2.09959) ---
0000     PIC base gid=0      a=7.24428 b=0 c=-1.9641e-06 d=7.95574e-05

--- kernel_log (step=29, dt=2.10579) ---
0000     PIC base gid=0      a=6.66705 b=0 c=1.41285e-06 d=8.23504e-05

--- kernel_log (step=30, dt=2.10876) ---
0000     PIC base gid=0      a=6.21672 b=0 c=5.24618e-06 d=8.53248e-05

--- kernel_log (step=31, dt=2.11387) ---
0000     PIC base gid=0      a=5.70342 b=0 c=9.4536e-06 d=8.84212e-05

--- kernel_log (step=32, dt=2.11926) ---
0000     PIC base gid=0      a=5.28655 b=0 c=1.36988e-05 d=9.13115e-05

--- kernel_log (step=33, dt=2.12421) ---
0000     PIC base gid=0      a=5.02383 b=0 c=1.77765e-05 d=9.39074e-05

--- kernel_log (step=34, dt=2.12853) ---
0000     PIC base gid=0      a=4.87258 b=0 c=2.15684e-05 d=9.61786e-05

--- kernel_log (step=35, dt=2.13289) ---
0000     PIC base gid=0      a=4.7868 b=0 c=2.51248e-05 d=9.82376e-05

--- kernel_log (step=36, dt=2.14171) ---
0000     PIC base gid=0      a=4.77907 b=0 c=2.84499e-05 d=0.000100099

--- kernel_log (step=37, dt=2.15659) ---
0000     PIC base gid=0      a=4.83558 b=0 c=3.15506e-05 d=0.00010178

--- kernel_log (step=38, dt=2.18925) ---
0000     PIC base gid=0      a=4.93808 b=0 c=3.43997e-05 d=0.000103257

--- kernel_log (step=39, dt=2.24513) ---
0000     PIC base gid=0      a=5.07674 b=0 c=3.70356e-05 d=0.000104548

--- kernel_log (step=40, dt=2.30974) ---
0000     PIC base gid=0      a=5.33708 b=0 c=4.06375e-05 d=0.000106525

--- kernel_log (step=41, dt=2.38818) ---
0000     PIC base gid=0      a=5.65608 b=0 c=4.51875e-05 d=0.00010913

--- kernel_log (step=42, dt=2.48007) ---
0000     PIC base gid=0      a=5.9763 b=0 c=5.00583e-05 d=0.000111853

--- kernel_log (step=43, dt=2.57619) ---
0000     PIC base gid=0      a=6.28292 b=0 c=5.47798e-05 d=0.000114311

--- kernel_log (step=44, dt=2.64165) ---
0000     PIC base gid=0      a=6.57332 b=0 c=5.9072e-05 d=0.000116281

--- kernel_log (step=45, dt=2.7083) ---
0000     PIC base gid=0      a=6.31316 b=0 c=6.30824e-05 d=0.000117151

--- kernel_log (step=46, dt=2.74629) ---
0000     PIC base gid=0      a=5.9297 b=0 c=6.67859e-05 d=0.000116697

--- kernel_log (step=47, dt=2.75821) ---
0000     PIC base gid=0      a=5.62439 b=0 c=7.01345e-05 d=0.000115168

--- kernel_log (step=48, dt=2.76786) ---
0000     PIC base gid=0      a=5.3935 b=0 c=7.31703e-05 d=0.000112905

--- kernel_log (step=49, dt=2.79094) ---
0000     PIC base gid=0      a=5.20998 b=0 c=7.5853e-05 d=0.000110151

--- kernel_log (step=50, dt=2.82125) ---
0000     PIC base gid=0      a=5.06394 b=0 c=7.81824e-05 d=0.000107041

--- kernel_log (step=51, dt=2.84215) ---
0000     PIC base gid=0      a=4.95462 b=0 c=8.022e-05 d=0.000103233

--- kernel_log (step=52, dt=2.84967) ---
0000     PIC base gid=0      a=4.87921 b=0 c=8.20617e-05 d=9.81113e-05

--- kernel_log (step=53, dt=2.86605) ---
0000     PIC base gid=0      a=4.82068 b=0 c=8.37176e-05 d=9.18094e-05

--- kernel_log (step=54, dt=3.02231) ---
0000     PIC base gid=0      a=4.77027 b=0 c=8.51662e-05 d=8.48787e-05

--- kernel_log (step=55, dt=3.40212) ---
0000     PIC base gid=0      a=4.70032 b=0 c=8.63949e-05 d=7.76939e-05

--- kernel_log (step=56, dt=3.40213) ---
0000     PIC base gid=0      a=4.63676 b=0 c=8.7384e-05 d=7.04813e-05

--- kernel_log (step=57, dt=3.40215) ---
0000     PIC base gid=0      a=4.58961 b=0 c=8.81346e-05 d=6.35836e-05

--- kernel_log (step=58, dt=3.40215) ---
0000     PIC base gid=0      a=4.55715 b=0 c=8.86756e-05 d=5.71184e-05

--- kernel_log (step=59, dt=3.40215) ---
0000     PIC base gid=0      a=4.53838 b=0 c=8.9046e-05 d=5.11068e-05

--- kernel_log (step=60, dt=3.40224) ---
0000     PIC base gid=0      a=4.53217 b=0 c=8.92854e-05 d=4.55311e-05

--- kernel_log (step=61, dt=3.40334) ---
0000     PIC base gid=0      a=4.53732 b=0 c=8.94273e-05 d=4.03722e-05

--- kernel_log (step=62, dt=3.40638) ---
0000     PIC base gid=0      a=4.55336 b=0 c=8.94983e-05 d=3.56145e-05

--- kernel_log (step=63, dt=3.40979) ---
0000     PIC base gid=0      a=4.56658 b=0 c=8.9524e-05 d=3.11165e-05

--- kernel_log (step=64, dt=3.41177) ---
0000     PIC base gid=0      a=4.5921 b=0 c=8.95164e-05 d=2.68776e-05

--- kernel_log (step=65, dt=3.41856) ---
0000     PIC base gid=0      a=4.63143 b=0 c=8.9479e-05 d=2.29618e-05

--- kernel_log (step=66, dt=3.42429) ---
0000     PIC base gid=0      a=4.68231 b=0 c=8.94098e-05 d=1.94519e-05

--- kernel_log (step=67, dt=3.42778) ---
0000     PIC base gid=0      a=4.73237 b=0 c=8.93072e-05 d=1.64489e-05

--- kernel_log (step=68, dt=3.42961) ---
0000     PIC base gid=0      a=4.77927 b=0 c=8.91731e-05 d=1.4026e-05

--- kernel_log (step=69, dt=3.4415) ---
0000     PIC base gid=0      a=4.83073 b=0 c=8.90157e-05 d=1.20232e-05

--- kernel_log (step=70, dt=3.47136) ---
0000     PIC base gid=0      a=4.88675 b=0 c=8.88452e-05 d=1.03811e-05

--- kernel_log (step=71, dt=3.50716) ---
0000     PIC base gid=0      a=4.94862 b=0 c=8.86733e-05 d=9.09814e-06

--- kernel_log (step=72, dt=3.53117) ---
0000     PIC base gid=0      a=5.01067 b=0 c=8.8515e-05 d=8.3988e-06

--- kernel_log (step=73, dt=3.54611) ---
0000     PIC base gid=0      a=5.0783 b=0 c=8.83791e-05 d=8.14157e-06

--- kernel_log (step=74, dt=3.56025) ---
0000     PIC base gid=0      a=5.20305 b=0 c=8.82519e-05 d=7.29216e-06

--- kernel_log (step=75, dt=3.57079) ---
0000     PIC base gid=0      a=5.34528 b=0 c=8.81325e-05 d=5.99023e-06

--- kernel_log (step=76, dt=3.57626) ---
0000     PIC base gid=0      a=5.36602 b=0 c=8.8008e-05 d=4.52131e-06

--- kernel_log (step=77, dt=3.5788) ---
0000     PIC base gid=0      a=5.19016 b=0 c=8.78482e-05 d=3.6341e-06

--- kernel_log (step=78, dt=3.5812) ---
0000     PIC base gid=0      a=5.08088 b=0 c=8.76654e-05 d=3.50154e-06

--- kernel_log (step=79, dt=3.58302) ---
0000     PIC base gid=0      a=4.98169 b=0 c=8.74829e-05 d=3.88407e-06

--- kernel_log (step=80, dt=3.58405) ---
0000     PIC base gid=0      a=4.89184 b=0 c=8.73204e-05 d=4.53617e-06

--- kernel_log (step=81, dt=3.5845) ---
0000     PIC base gid=0      a=4.81096 b=0 c=8.71861e-05 d=5.241e-06

--- kernel_log (step=82, dt=3.58525) ---
0000     PIC base gid=0      a=4.74061 b=0 c=8.7072e-05 d=5.80528e-06

--- kernel_log (step=83, dt=3.58586) ---
0000     PIC base gid=0      a=4.68007 b=0 c=8.69698e-05 d=6.13289e-06

--- kernel_log (step=84, dt=3.58614) ---
0000     PIC base gid=0      a=4.62811 b=0 c=8.68765e-05 d=6.22399e-06

--- kernel_log (step=85, dt=3.58631) ---
0000     PIC base gid=0      a=4.58417 b=0 c=8.67893e-05 d=6.11427e-06

--- kernel_log (step=86, dt=3.58644) ---
0000     PIC base gid=0      a=4.54784 b=0 c=8.67062e-05 d=5.85799e-06

--- kernel_log (step=87, dt=3.5865) ---
0000     PIC base gid=0      a=4.51501 b=0 c=8.66257e-05 d=5.5036e-06

--- kernel_log (step=88, dt=3.5866) ---
0000     PIC base gid=0      a=4.48607 b=0 c=8.65468e-05 d=5.10661e-06

--- kernel_log (step=89, dt=3.58668) ---
0000     PIC base gid=0      a=4.45433 b=0 c=8.64679e-05 d=4.72156e-06

--- kernel_log (step=90, dt=3.58672) ---
0000     PIC base gid=0      a=4.42365 b=0 c=8.63831e-05 d=4.32997e-06

--- kernel_log (step=91, dt=3.58674) ---
0000     PIC base gid=0      a=4.40622 b=0 c=8.62947e-05 d=3.95036e-06

--- kernel_log (step=92, dt=3.58681) ---
0000     PIC base gid=0      a=4.40202 b=0 c=8.62042e-05 d=3.59046e-06

--- kernel_log (step=93, dt=3.58699) ---
0000     PIC base gid=0      a=4.41106 b=0 c=8.61126e-05 d=3.25219e-06

--- kernel_log (step=94, dt=3.58721) ---
0000     PIC base gid=0      a=4.4334 b=0 c=8.60208e-05 d=2.93459e-06

--- kernel_log (step=95, dt=3.60006) ---
0000     PIC base gid=0      a=4.46871 b=0 c=8.59291e-05 d=2.63266e-06

--- kernel_log (step=96, dt=3.62999) ---
0000     PIC base gid=0      a=4.51707 b=0 c=8.58375e-05 d=2.34119e-06

--- kernel_log (step=97, dt=3.66508) ---
0000     PIC base gid=0      a=4.57945 b=0 c=8.57465e-05 d=2.0581e-06

--- kernel_log (step=98, dt=3.69056) ---
0000     PIC base gid=0      a=4.65706 b=0 c=8.56571e-05 d=1.78327e-06

--- kernel_log (step=99, dt=3.7929) ---
0000     PIC base gid=0      a=4.74668 b=0 c=8.55667e-05 d=1.49984e-06

--- kernel_log (step=100, dt=3.9932) ---
0000     PIC base gid=0      a=4.85011 b=0 c=8.54732e-05 d=1.19629e-06

--- kernel_log (step=101, dt=4.28714) ---
0000     PIC base gid=0      a=4.97153 b=0 c=8.5375e-05 d=8.64904e-07

--- kernel_log (step=102, dt=4.62109) ---
0000     PIC base gid=0      a=5.11862 b=0 c=8.52739e-05 d=5.11238e-07

--- kernel_log (step=103, dt=4.93579) ---
0000     PIC base gid=0      a=5.30454 b=0 c=8.51688e-05 d=1.23481e-07

--- kernel_log (step=104, dt=5.19069) ---
0000     PIC base gid=0      a=5.53027 b=0 c=8.50602e-05 d=-3.0428e-07

--- kernel_log (step=105, dt=5.21274) ---
0000     PIC base gid=0      a=5.8117 b=0 c=8.4953e-05 d=-7.60861e-07

--- kernel_log (step=106, dt=5.22115) ---
0000     PIC base gid=0      a=6.12946 b=0 c=8.48428e-05 d=-1.27686e-06

--- kernel_log (step=107, dt=5.23504) ---
0000     PIC base gid=0      a=6.43799 b=0 c=8.47138e-05 d=-1.90153e-06

--- kernel_log (step=108, dt=5.24914) ---
0000     PIC base gid=0      a=6.24067 b=0 c=8.43989e-05 d=-2.85274e-06

--- kernel_log (step=109, dt=5.25874) ---
0000     PIC base gid=0      a=6.15765 b=0 c=8.39776e-05 d=-3.85758e-06

--- kernel_log (step=110, dt=5.26369) ---
0000     PIC base gid=0      a=6.0821 b=0 c=8.3529e-05 d=-4.75995e-06

--- kernel_log (step=111, dt=5.27824) ---
0000     PIC base gid=0      a=6.0122 b=0 c=8.31162e-05 d=-5.47592e-06

--- kernel_log (step=112, dt=5.31089) ---
0000     PIC base gid=0      a=5.94673 b=0 c=8.27718e-05 d=-5.99788e-06

--- kernel_log (step=113, dt=5.35128) ---
0000     PIC base gid=0      a=5.88536 b=0 c=8.2501e-05 d=-6.36414e-06

--- kernel_log (step=114, dt=5.37902) ---
0000     PIC base gid=0      a=5.83005 b=0 c=8.22953e-05 d=-6.6177e-06

--- kernel_log (step=115, dt=5.38916) ---
0000     PIC base gid=0      a=5.79207 b=0 c=8.21469e-05 d=-6.77835e-06

--- kernel_log (step=116, dt=5.39953) ---
0000     PIC base gid=0      a=5.74719 b=0 c=8.20496e-05 d=-6.85091e-06

--- kernel_log (step=117, dt=5.41656) ---
0000     PIC base gid=0      a=5.67148 b=0 c=8.20114e-05 d=-6.77513e-06

--- kernel_log (step=118, dt=5.47417) ---
0000     PIC base gid=0      a=5.61241 b=0 c=8.20309e-05 d=-6.55664e-06

--- kernel_log (step=119, dt=5.6045) ---
0000     PIC base gid=0      a=5.59165 b=0 c=8.2065e-05 d=-6.30353e-06

--- kernel_log (step=120, dt=5.81184) ---
0000     PIC base gid=0      a=5.64092 b=0 c=8.20271e-05 d=-6.25486e-06
