
--- kernel_log (step=1, dt=0.00018341, halvings=5) ---
0000     PIC base gid=0      a=9.6121 b=0.960826 c=-2.45651e-07 d=-2.3385e-05

--- kernel_log (step=2, dt=2.88936) ---
0000     PIC base gid=0      a=9.08384 b=0 c=-7.14036e-07 d=-2.35364e-05

--- kernel_log (step=3, dt=0.000150635, halvings=4) ---
0000     PIC base gid=0      a=9.20556 b=4.9903 c=-3.86776e-06 d=-0.000152902

--- kernel_log (step=4, dt=0.653269) ---
0000     PIC base gid=0      a=8.70894 b=0 c=-5.97663e-06 d=-0.000152911

--- kernel_log (step=5, dt=0.944387) ---
0000     PIC base gid=0      a=8.19151 b=0 c=-8.02324e-06 d=-0.000151873

--- kernel_log (step=6, dt=1.16797) ---
0000     PIC base gid=0      a=7.63299 b=0 c=-9.44279e-06 d=-0.000149698

--- kernel_log (step=7, dt=1.24568) ---
0000     PIC base gid=0      a=7.09778 b=0 c=-1.04151e-05 d=-0.000146078

--- kernel_log (step=8, dt=1.30287) ---
0000     PIC base gid=0      a=6.5774 b=0 c=-1.1438e-05 d=-0.00014035

--- kernel_log (step=9, dt=1.37772) ---
0000     PIC base gid=0      a=6.07301 b=0 c=-1.29645e-05 d=-0.000131417

--- kernel_log (step=10, dt=1.40344) ---
0000     PIC base gid=0      a=5.62945 b=0 c=-1.52335e-05 d=-0.000118276

--- kernel_log (step=11, dt=1.42805) ---
0000     PIC base gid=0      a=5.24129 b=0 c=-1.78386e-05 d=-0.000102259

--- kernel_log (step=12, dt=1.47588) ---
0000     PIC base gid=0      a=4.90856 b=0 c=-2.07042e-05 d=-8.35747e-05

--- kernel_log (step=13, dt=1.5093) ---
0000     PIC base gid=0      a=4.663 b=0 c=-2.35858e-05 d=-6.04205e-05

--- kernel_log (step=14, dt=1.51179) ---
0000     PIC base gid=0      a=4.49677 b=0 c=-2.61909e-05 d=-3.39968e-05

--- kernel_log (step=15, dt=1.51463) ---
0000     PIC base gid=0      a=4.36731 b=0 c=-2.82332e-05 d=-7.05317e-06

--- kernel_log (step=16, dt=1.51938) ---
0000     PIC base gid=0      a=4.26465 b=0 c=-2.95406e-05 d=1.75891e-05

--- kernel_log (step=17, dt=1.54228) ---
0000     PIC base gid=0      a=4.18982 b=0 c=-3.00135e-05 d=3.79066e-05

--- kernel_log (step=18, dt=1.60463) ---
0000     PIC base gid=0      a=4.15174 b=0 c=-2.95265e-05 d=5.32012e-05

--- kernel_log (step=19, dt=1.70444) ---
0000     PIC base gid=0      a=4.16473 b=0 c=-2.80754e-05 d=6.37232e-05

--- kernel_log (step=20, dt=1.87485) ---
0000     PIC base gid=0      a=4.24005 b=0 c=-2.5599e-05 d=7.01548e-05

--- kernel_log (step=21, dt=1.93777) ---
0000     PIC base gid=0      a=4.44566 b=0 c=-2.22465e-05 d=7.28755e-05

--- kernel_log (step=22, dt=1.97978) ---
0000     PIC base gid=0      a=4.81268 b=0 c=-1.87701e-05 d=7.45139e-05

--- kernel_log (step=23, dt=2.02697) ---
0000     PIC base gid=0      a=5.35862 b=0 c=-1.55837e-05 d=7.66241e-05

--- kernel_log (step=24, dt=2.04813) ---
0000     PIC base gid=0      a=6.12942 b=0 c=-1.28041e-05 d=7.88709e-05

--- kernel_log (step=25, dt=2.06683) ---
0000     PIC base gid=0      a=7.1303 b=0 c=-1.03765e-05 d=8.10578e-05

--- kernel_log (step=26, dt=2.09824) ---
0000     PIC base gid=0      a=8.362 b=0 c=-8.21316e-06 d=8.3081e-05

--- kernel_log (step=27, dt=2.10432) ---
0000     PIC base gid=0      a=8.34722 b=0 c=-5.90443e-06 d=8.51327e-05

--- kernel_log (step=28, dt=2.11234) ---
0000     PIC base gid=0      a=7.62651 b=0 c=-3.1649e-06 d=8.73611e-05

--- kernel_log (step=29, dt=2.12099) ---
0000     PIC base gid=0      a=7.01689 b=0 c=5.90925e-08 d=8.97954e-05

--- kernel_log (step=30, dt=2.12483) ---
0000     PIC base gid=0      a=6.19101 b=0 c=3.7564e-06 d=9.24033e-05

--- kernel_log (step=31, dt=2.13174) ---
0000     PIC base gid=0      a=5.562 b=0 c=7.7781e-06 d=9.49489e-05

--- kernel_log (step=32, dt=2.13941) ---
0000     PIC base gid=0      a=5.14094 b=0 c=1.18543e-05 d=9.7237e-05

--- kernel_log (step=33, dt=2.14568) ---
0000     PIC base gid=0      a=4.85865 b=0 c=1.58081e-05 d=9.92116e-05

--- kernel_log (step=34, dt=2.14995) ---
0000     PIC base gid=0      a=4.68555 b=0 c=1.95312e-05 d=0.000100913

--- kernel_log (step=35, dt=2.15205) ---
0000     PIC base gid=0      a=4.57846 b=0 c=2.30766e-05 d=0.00010247

--- kernel_log (step=36, dt=2.15833) ---
0000     PIC base gid=0      a=4.55631 b=0 c=2.64224e-05 d=0.000103902

--- kernel_log (step=37, dt=2.1664) ---
0000     PIC base gid=0      a=4.60132 b=0 c=2.95069e-05 d=0.000105178

--- kernel_log (step=38, dt=2.18522) ---
0000     PIC base gid=0      a=4.69707 b=0 c=3.22874e-05 d=0.000106261

--- kernel_log (step=39, dt=2.22629) ---
0000     PIC base gid=0      a=4.83996 b=0 c=3.49157e-05 d=0.00010724

--- kernel_log (step=40, dt=2.28372) ---
0000     PIC base gid=0      a=5.04659 b=0 c=3.78236e-05 d=0.000108405

--- kernel_log (step=41, dt=2.35618) ---
0000     PIC base gid=0      a=5.37212 b=0 c=4.19514e-05 d=0.000110377

--- kernel_log (step=42, dt=2.44204) ---
0000     PIC base gid=0      a=5.71267 b=0 c=4.66196e-05 d=0.000112634

--- kernel_log (step=43, dt=2.56731) ---
0000     PIC base gid=0      a=6.04959 b=0 c=5.13034e-05 d=0.000114777

--- kernel_log (step=44, dt=2.6369) ---
0000     PIC base gid=0      a=6.39141 b=0 c=5.56199e-05 d=0.000116534

--- kernel_log (step=45, dt=2.70291) ---
0000     PIC base gid=0      a=6.1125 b=0 c=5.98125e-05 d=0.000117069

--- kernel_log (step=46, dt=2.73844) ---
0000     PIC base gid=0      a=5.76441 b=0 c=6.38319e-05 d=0.000116263

--- kernel_log (step=47, dt=2.74874) ---
0000     PIC base gid=0      a=5.48813 b=0 c=6.76059e-05 d=0.000114456

--- kernel_log (step=48, dt=2.75954) ---
0000     PIC base gid=0      a=5.26955 b=0 c=7.11112e-05 d=0.000112034

--- kernel_log (step=49, dt=2.78403) ---
0000     PIC base gid=0      a=5.11513 b=0 c=7.44121e-05 d=0.000109329

--- kernel_log (step=50, dt=2.81416) ---
0000     PIC base gid=0      a=4.99668 b=0 c=7.74253e-05 d=0.000106389

--- kernel_log (step=51, dt=2.8332) ---
0000     PIC base gid=0      a=4.92101 b=0 c=8.01978e-05 d=0.000102267

--- kernel_log (step=52, dt=2.83925) ---
0000     PIC base gid=0      a=4.87381 b=0 c=8.27327e-05 d=9.65422e-05

--- kernel_log (step=53, dt=2.86153) ---
0000     PIC base gid=0      a=4.8415 b=0 c=8.49633e-05 d=8.96517e-05

--- kernel_log (step=54, dt=3.02641) ---
0000     PIC base gid=0      a=4.81559 b=0 c=8.68394e-05 d=8.22534e-05

--- kernel_log (step=55, dt=3.42687) ---
0000     PIC base gid=0      a=4.75586 b=0 c=8.83871e-05 d=7.45933e-05

--- kernel_log (step=56, dt=3.42689) ---
0000     PIC base gid=0      a=4.71897 b=0 c=8.95942e-05 d=6.68881e-05

--- kernel_log (step=57, dt=3.42692) ---
0000     PIC base gid=0      a=4.69837 b=0 c=9.04811e-05 d=5.9474e-05

--- kernel_log (step=58, dt=3.42692) ---
0000     PIC base gid=0      a=4.69279 b=0 c=9.10981e-05 d=5.24728e-05

--- kernel_log (step=59, dt=3.42692) ---
0000     PIC base gid=0      a=4.68198 b=0 c=9.15187e-05 d=4.57567e-05

--- kernel_log (step=60, dt=3.42695) ---
0000     PIC base gid=0      a=4.68581 b=0 c=9.179e-05 d=3.93715e-05

--- kernel_log (step=61, dt=3.42821) ---
0000     PIC base gid=0      a=4.70598 b=0 c=9.19487e-05 d=3.34083e-05

--- kernel_log (step=62, dt=3.4327) ---
0000     PIC base gid=0      a=4.74077 b=0 c=9.202e-05 d=2.78986e-05

--- kernel_log (step=63, dt=3.43931) ---
0000     PIC base gid=0      a=4.7884 b=0 c=9.2023e-05 d=2.28323e-05

--- kernel_log (step=64, dt=3.44453) ---
0000     PIC base gid=0      a=4.86112 b=0 c=9.19743e-05 d=1.82985e-05

--- kernel_log (step=65, dt=3.46726) ---
0000     PIC base gid=0      a=4.9428 b=0 c=9.18844e-05 d=1.41406e-05

--- kernel_log (step=66, dt=3.49955) ---
0000     PIC base gid=0      a=5.03069 b=0 c=9.17585e-05 d=1.02259e-05

--- kernel_log (step=67, dt=3.51368) ---
0000     PIC base gid=0      a=5.10802 b=0 c=9.15952e-05 d=6.7596e-06

--- kernel_log (step=68, dt=3.5206) ---
0000     PIC base gid=0      a=5.19115 b=0 c=9.13945e-05 d=3.508e-06

--- kernel_log (step=69, dt=3.54501) ---
0000     PIC base gid=0      a=5.27126 b=0 c=9.11567e-05 d=5.0022e-07

--- kernel_log (step=70, dt=3.58649) ---
0000     PIC base gid=0      a=5.33538 b=0 c=9.08861e-05 d=-2.09035e-06

--- kernel_log (step=71, dt=3.63871) ---
0000     PIC base gid=0      a=5.40377 b=0 c=9.05848e-05 d=-4.48138e-06

--- kernel_log (step=72, dt=3.67808) ---
0000     PIC base gid=0      a=5.4786 b=0 c=9.02604e-05 d=-6.78621e-06

--- kernel_log (step=73, dt=3.70603) ---
0000     PIC base gid=0      a=5.56016 b=0 c=8.99235e-05 d=-9.08357e-06

--- kernel_log (step=74, dt=3.74233) ---
0000     PIC base gid=0      a=5.64899 b=0 c=8.95844e-05 d=-1.14476e-05

--- kernel_log (step=75, dt=3.78242) ---
0000     PIC base gid=0      a=5.74664 b=0 c=8.92534e-05 d=-1.39688e-05

--- kernel_log (step=76, dt=3.81076) ---
0000     PIC base gid=0      a=5.52463 b=0 c=8.89111e-05 d=-1.53924e-05

--- kernel_log (step=77, dt=3.82947) ---
0000     PIC base gid=0      a=5.34123 b=0 c=8.85786e-05 d=-1.50021e-05

--- kernel_log (step=78, dt=3.85038) ---
0000     PIC base gid=0      a=5.17812 b=0 c=8.82599e-05 d=-1.35595e-05

--- kernel_log (step=79, dt=3.87175) ---
0000     PIC base gid=0      a=5.03414 b=0 c=8.79576e-05 d=-1.16924e-05

--- kernel_log (step=80, dt=3.88757) ---
0000     PIC base gid=0      a=4.90882 b=0 c=8.76721e-05 d=-9.85377e-06

--- kernel_log (step=81, dt=3.89952) ---
0000     PIC base gid=0      a=4.79861 b=0 c=8.74046e-05 d=-8.27986e-06

--- kernel_log (step=82, dt=3.90924) ---
0000     PIC base gid=0      a=4.7016 b=0 c=8.71568e-05 d=-7.05345e-06

--- kernel_log (step=83, dt=3.92003) ---
0000     PIC base gid=0      a=4.62128 b=0 c=8.69268e-05 d=-6.1082e-06

--- kernel_log (step=84, dt=3.92935) ---
0000     PIC base gid=0      a=4.54768 b=0 c=8.67187e-05 d=-5.401e-06

--- kernel_log (step=85, dt=3.93599) ---
0000     PIC base gid=0      a=4.48236 b=0 c=8.65337e-05 d=-4.85465e-06

--- kernel_log (step=86, dt=3.94356) ---
0000     PIC base gid=0      a=4.43148 b=0 c=8.63534e-05 d=-4.48664e-06

--- kernel_log (step=87, dt=3.95596) ---
0000     PIC base gid=0      a=4.37357 b=0 c=8.61499e-05 d=-4.30713e-06

--- kernel_log (step=88, dt=3.96781) ---
0000     PIC base gid=0      a=4.31494 b=0 c=8.59318e-05 d=-4.21557e-06

--- kernel_log (step=89, dt=3.97616) ---
0000     PIC base gid=0      a=4.27051 b=0 c=8.57059e-05 d=-4.17946e-06

--- kernel_log (step=90, dt=3.98191) ---
0000     PIC base gid=0      a=4.24142 b=0 c=8.54747e-05 d=-4.19123e-06

--- kernel_log (step=91, dt=3.9879) ---
0000     PIC base gid=0      a=4.23102 b=0 c=8.52316e-05 d=-4.29165e-06

--- kernel_log (step=92, dt=3.99151) ---
0000     PIC base gid=0      a=4.23477 b=0 c=8.4983e-05 d=-4.44855e-06

--- kernel_log (step=93, dt=3.99228) ---
0000     PIC base gid=0      a=4.25269 b=0 c=8.47324e-05 d=-4.64838e-06

--- kernel_log (step=94, dt=3.99236) ---
0000     PIC base gid=0      a=4.28406 b=0 c=8.44821e-05 d=-4.88295e-06

--- kernel_log (step=95, dt=3.99994) ---
0000     PIC base gid=0      a=4.32884 b=0 c=8.4236e-05 d=-5.13688e-06

--- kernel_log (step=96, dt=4.0203) ---
0000     PIC base gid=0      a=4.38786 b=0 c=8.39925e-05 d=-5.41896e-06

--- kernel_log (step=97, dt=4.04751) ---
0000     PIC base gid=0      a=4.46109 b=0 c=8.37513e-05 d=-5.73018e-06

--- kernel_log (step=98, dt=4.07839) ---
0000     PIC base gid=0      a=4.54893 b=0 c=8.35129e-05 d=-6.07022e-06

--- kernel_log (step=99, dt=4.25532) ---
0000     PIC base gid=0      a=4.64864 b=0 c=8.3269e-05 d=-6.46882e-06

--- kernel_log (step=100, dt=4.87554) ---
0000     PIC base gid=0      a=4.75631 b=0 c=8.30007e-05 d=-6.98974e-06

--- kernel_log (step=101, dt=5.21169) ---
0000     PIC base gid=0      a=4.90568 b=0 c=8.27325e-05 d=-7.56071e-06

--- kernel_log (step=102, dt=5.21186) ---
0000     PIC base gid=0      a=5.09637 b=0 c=8.24795e-05 d=-8.14572e-06

--- kernel_log (step=103, dt=5.21222) ---
0000     PIC base gid=0      a=5.30988 b=0 c=8.22383e-05 d=-8.76101e-06

--- kernel_log (step=104, dt=5.21264) ---
0000     PIC base gid=0      a=5.54531 b=0 c=8.2009e-05 d=-9.4219e-06

--- kernel_log (step=105, dt=5.2129) ---
0000     PIC base gid=0      a=5.58632 b=0 c=8.17454e-05 d=-1.01449e-05

--- kernel_log (step=106, dt=5.21302) ---
0000     PIC base gid=0      a=5.45792 b=0 c=8.14095e-05 d=-1.06556e-05

--- kernel_log (step=107, dt=5.2131) ---
0000     PIC base gid=0      a=5.3652 b=0 c=8.10409e-05 d=-1.09377e-05

--- kernel_log (step=108, dt=5.21311) ---
0000     PIC base gid=0      a=5.2784 b=0 c=8.06648e-05 d=-1.10611e-05

--- kernel_log (step=109, dt=5.21311) ---
0000     PIC base gid=0      a=5.19587 b=0 c=8.03038e-05 d=-1.10972e-05

--- kernel_log (step=110, dt=5.21311) ---
0000     PIC base gid=0      a=5.1167 b=0 c=7.99722e-05 d=-1.11031e-05

--- kernel_log (step=111, dt=5.21322) ---
0000     PIC base gid=0      a=5.04008 b=0 c=7.96786e-05 d=-1.11104e-05

--- kernel_log (step=112, dt=5.21359) ---
0000     PIC base gid=0      a=4.96527 b=0 c=7.943e-05 d=-1.11248e-05

--- kernel_log (step=113, dt=5.23142) ---
0000     PIC base gid=0      a=4.89141 b=0 c=7.92327e-05 d=-1.11324e-05

--- kernel_log (step=114, dt=5.27116) ---
0000     PIC base gid=0      a=4.79801 b=0 c=7.90555e-05 d=-1.11602e-05

--- kernel_log (step=115, dt=5.42912) ---
0000     PIC base gid=0      a=4.69947 b=0 c=7.8839e-05 d=-1.13069e-05

--- kernel_log (step=116, dt=5.67492) ---
0000     PIC base gid=0      a=4.61731 b=0 c=7.86189e-05 d=-1.15111e-05

--- kernel_log (step=117, dt=5.6867) ---
0000     PIC base gid=0      a=4.56304 b=0 c=7.84229e-05 d=-1.17157e-05

--- kernel_log (step=118, dt=5.71212) ---
0000     PIC base gid=0      a=4.53055 b=0 c=7.82584e-05 d=-1.19085e-05

--- kernel_log (step=119, dt=5.78608) ---
0000     PIC base gid=0      a=4.52379 b=0 c=7.81333e-05 d=-1.20718e-05

--- kernel_log (step=120, dt=5.92265) ---
0000     PIC base gid=0      a=4.54823 b=0 c=7.80148e-05 d=-1.225e-05
