
--- kernel_log (step=1, dt=0.00018341, halvings=5) ---
0000     PIC base gid=0      a=9.6121 b=0.960826 c=-2.45651e-07 d=-2.3385e-05

--- kernel_log (step=2, dt=9.39353e-05, halvings=6) ---
0000     PIC base gid=0      a=9.67245 b=0.917355 c=-3.52287e-07 d=-2.33802e-05

--- kernel_log (step=3, dt=9.66019e-05, halvings=6) ---
0000     PIC base gid=0      a=9.67249 b=0.867357 c=-4.4964e-07 d=-2.33766e-05

--- kernel_log (step=4, dt=9.94615e-05, halvings=6) ---
0000     PIC base gid=0      a=9.67252 b=0.817441 c=-5.36763e-07 d=-2.33753e-05

--- kernel_log (step=5, dt=0.000102578, halvings=6) ---
0000     PIC base gid=0      a=9.67256 b=0.767591 c=-6.123e-07 d=-2.33755e-05

--- kernel_log (step=6, dt=0.000106011, halvings=6) ---
0000     PIC base gid=0      a=9.6726 b=0.717794 c=-6.76164e-07 d=-2.33763e-05

--- kernel_log (step=7, dt=0.000109809, halvings=6) ---
0000     PIC base gid=0      a=9.67264 b=0.668053 c=-7.28701e-07 d=-2.33778e-05

--- kernel_log (step=8, dt=0.000114046, halvings=6) ---
0000     PIC base gid=0      a=9.67268 b=0.618365 c=-7.70583e-07 d=-2.33798e-05

--- kernel_log (step=9, dt=5.94091e-05, halvings=7) ---
0000     PIC base gid=0      a=9.70222 b=0.570587 c=-7.88877e-07 d=-2.3381e-05

--- kernel_log (step=10, dt=6.21634e-05, halvings=7) ---
0000     PIC base gid=0      a=9.70224 b=0.520484 c=-8.02398e-07 d=-2.33825e-05

--- kernel_log (step=11, dt=6.53416e-05, halvings=7) ---
0000     PIC base gid=0      a=9.70226 b=0.470415 c=-8.11402e-07 d=-2.33844e-05

--- kernel_log (step=12, dt=6.90647e-05, halvings=7) ---
0000     PIC base gid=0      a=9.70229 b=0.420382 c=-8.16156e-07 d=-2.33864e-05

--- kernel_log (step=13, dt=7.35083e-05, halvings=7) ---
0000     PIC base gid=0      a=9.70231 b=0.370392 c=-8.16889e-07 d=-2.33887e-05

--- kernel_log (step=14, dt=7.89391e-05, halvings=7) ---
0000     PIC base gid=0      a=9.70232 b=0.32045 c=-8.15897e-07 d=-2.33912e-05

--- kernel_log (step=15, dt=8.57861e-05, halvings=7) ---
0000     PIC base gid=0      a=9.70236 b=0.270566 c=-8.15008e-07 d=-2.3394e-05

--- kernel_log (step=16, dt=9.47947e-05, halvings=7) ---
0000     PIC base gid=0      a=9.70241 b=0.22075 c=-8.14265e-07 d=-2.33971e-05

--- kernel_log (step=17, dt=5.37042e-05, halvings=8) ---
0000     PIC base gid=0      a=9.71707 b=0.171297 c=-8.14011e-07 d=-2.33987e-05

--- kernel_log (step=18, dt=6.35724e-05, halvings=8) ---
0000     PIC base gid=0      a=9.71712 b=0.12118 c=-8.13945e-07 d=-2.34005e-05

--- kernel_log (step=19, dt=8.2198e-05, halvings=8) ---
0000     PIC base gid=0      a=9.71724 b=0.0711516 c=-8.14072e-07 d=-2.34024e-05

--- kernel_log (step=20, dt=7.19868e-05, halvings=9) ---
0000     PIC base gid=0      a=9.72468 b=0.0213011 c=-8.1434e-07 d=-2.34033e-05

--- kernel_log (step=21, dt=0.698601) ---
0000     PIC base gid=0      a=9.56524 b=0 c=-8.11766e-07 d=-2.34162e-05

--- kernel_log (step=22, dt=0.000151013, halvings=4) ---
0000     PIC base gid=0      a=9.44652 b=4.17852 c=-2.16917e-06 d=-0.000125398

--- kernel_log (step=23, dt=5.73634e-05, halvings=6) ---
0000     PIC base gid=0      a=9.65522 b=1.0902e-06 c=-2.17314e-06 d=-0.000125398

--- kernel_log (step=24, dt=5.81382e-05, halvings=6) ---
0000     PIC base gid=0      a=9.65522 b=1.07457e-06 c=-2.17674e-06 d=-0.000125398

--- kernel_log (step=25, dt=5.8892e-05, halvings=6) ---
0000     PIC base gid=0      a=9.65523 b=1.057e-06 c=-2.18019e-06 d=-0.000125398

--- kernel_log (step=26, dt=5.96311e-05, halvings=6) ---
0000     PIC base gid=0      a=9.65524 b=1.03775e-06 c=-2.18355e-06 d=-0.000125398

--- kernel_log (step=27, dt=6.03243e-05, halvings=6) ---
0000     PIC base gid=0      a=9.65524 b=1.0158e-06 c=-2.18682e-06 d=-0.000125398

--- kernel_log (step=28, dt=6.09986e-05, halvings=6) ---
0000     PIC base gid=0      a=9.65524 b=9.92168e-07 c=-2.19001e-06 d=-0.000125398

--- kernel_log (step=29, dt=6.16695e-05, halvings=6) ---
0000     PIC base gid=0      a=9.65524 b=9.67424e-07 c=-2.19312e-06 d=-0.000125398

--- kernel_log (step=30, dt=6.23403e-05, halvings=6) ---
0000     PIC base gid=0      a=9.65525 b=9.41678e-07 c=-2.19615e-06 d=-0.000125398

--- kernel_log (step=31, dt=6.30135e-05, halvings=6) ---
0000     PIC base gid=0      a=9.65525 b=9.15019e-07 c=-2.19909e-06 d=-0.000125398

--- kernel_log (step=32, dt=6.36918e-05, halvings=6) ---
0000     PIC base gid=0      a=9.65525 b=8.8753e-07 c=-2.20194e-06 d=-0.000125398

--- kernel_log (step=33, dt=6.43775e-05, halvings=6) ---
0000     PIC base gid=0      a=9.65525 b=8.59281e-07 c=-2.20471e-06 d=-0.000125399

--- kernel_log (step=34, dt=6.50729e-05, halvings=6) ---
0000     PIC base gid=0      a=9.65525 b=8.30334e-07 c=-2.20737e-06 d=-0.000125399

--- kernel_log (step=35, dt=6.57801e-05, halvings=6) ---
0000     PIC base gid=0      a=9.65525 b=8.00742e-07 c=-2.20994e-06 d=-0.000125399

--- kernel_log (step=36, dt=6.65012e-05, halvings=6) ---
0000     PIC base gid=0      a=9.65526 b=7.70546e-07 c=-2.21241e-06 d=-0.000125399

--- kernel_log (step=37, dt=6.72382e-05, halvings=6) ---
0000     PIC base gid=0      a=9.65526 b=7.39791e-07 c=-2.21479e-06 d=-0.000125399

--- kernel_log (step=38, dt=6.79931e-05, halvings=6) ---
0000     PIC base gid=0      a=9.65526 b=7.08517e-07 c=-2.21705e-06 d=-0.000125399

--- kernel_log (step=39, dt=6.87678e-05, halvings=6) ---
0000     PIC base gid=0      a=9.65526 b=6.7675e-07 c=-2.21922e-06 d=-0.000125399

--- kernel_log (step=40, dt=6.95644e-05, halvings=6) ---
0000     PIC base gid=0      a=9.65527 b=6.4452e-07 c=-2.22128e-06 d=-0.000125399

--- kernel_log (step=41, dt=7.03849e-05, halvings=6) ---
0000     PIC base gid=0      a=9.65527 b=6.1185e-07 c=-2.22324e-06 d=-0.000125399

--- kernel_log (step=42, dt=7.12315e-05, halvings=6) ---
0000     PIC base gid=0      a=9.65527 b=5.78761e-07 c=-2.22509e-06 d=-0.000125399

--- kernel_log (step=43, dt=7.21062e-05, halvings=6) ---
0000     PIC base gid=0      a=9.65528 b=5.45275e-07 c=-2.22683e-06 d=-0.000125399

--- kernel_log (step=44, dt=7.30114e-05, halvings=6) ---
0000     PIC base gid=0      a=9.65528 b=5.11414e-07 c=-2.22847e-06 d=-0.000125399

--- kernel_log (step=45, dt=7.39495e-05, halvings=6) ---
0000     PIC base gid=0      a=9.65528 b=4.77201e-07 c=-2.23e-06 d=-0.000125398

--- kernel_log (step=46, dt=7.49229e-05, halvings=6) ---
0000     PIC base gid=0      a=9.65529 b=4.42664e-07 c=-2.23142e-06 d=-0.000125398

--- kernel_log (step=47, dt=7.59344e-05, halvings=6) ---
0000     PIC base gid=0      a=9.65529 b=4.07836e-07 c=-2.23273e-06 d=-0.000125398

--- kernel_log (step=48, dt=7.69868e-05, halvings=6) ---
0000     PIC base gid=0      a=9.65529 b=3.72757e-07 c=-2.23394e-06 d=-0.000125398

--- kernel_log (step=49, dt=7.80766e-05, halvings=6) ---
0000     PIC base gid=0      a=9.6553 b=3.37418e-07 c=-2.23504e-06 d=-0.000125398

--- kernel_log (step=50, dt=7.92069e-05, halvings=6) ---
0000     PIC base gid=0      a=9.6553 b=3.01906e-07 c=-2.23603e-06 d=-0.000125398

--- kernel_log (step=51, dt=8.03869e-05, halvings=6) ---
0000     PIC base gid=0      a=9.65531 b=2.6636e-07 c=-2.23692e-06 d=-0.000125398

--- kernel_log (step=52, dt=8.16205e-05, halvings=6) ---
0000     PIC base gid=0      a=9.65532 b=2.30893e-07 c=-2.23771e-06 d=-0.000125398

--- kernel_log (step=53, dt=8.2912e-05, halvings=6) ---
0000     PIC base gid=0      a=9.65532 b=1.95656e-07 c=-2.2384e-06 d=-0.000125398

--- kernel_log (step=54, dt=8.42662e-05, halvings=6) ---
0000     PIC base gid=0      a=9.65533 b=1.60851e-07 c=-2.239e-06 d=-0.000125398

--- kernel_log (step=55, dt=8.56884e-05, halvings=6) ---
0000     PIC base gid=0      a=9.65534 b=1.26756e-07 c=-2.23951e-06 d=-0.000125398

--- kernel_log (step=56, dt=8.71844e-05, halvings=6) ---
0000     PIC base gid=0      a=9.65534 b=9.37642e-08 c=-2.23993e-06 d=-0.000125398

--- kernel_log (step=57, dt=8.87606e-05, halvings=6) ---
0000     PIC base gid=0      a=9.65536 b=6.24619e-08 c=-2.24029e-06 d=-0.000125398

--- kernel_log (step=58, dt=9.04245e-05, halvings=6) ---
0000     PIC base gid=0      a=9.65537 b=3.37998e-08 c=-2.24058e-06 d=-0.000125398

--- kernel_log (step=59, dt=9.21847e-05, halvings=6) ---
0000     PIC base gid=0      a=9.65538 b=9.63374e-09 c=-2.24082e-06 d=-0.000125398

--- kernel_log (step=60, dt=9.40507e-05, halvings=6) ---
0000     PIC base gid=0      a=9.65539 b=0 c=-2.24105e-06 d=-0.000125398

--- kernel_log (step=61, dt=4.80168e-05, halvings=7) ---
0000     PIC base gid=0      a=9.65543 b=0 c=-2.2413e-06 d=-0.000125398

--- kernel_log (step=62, dt=4.90769e-05, halvings=7) ---
0000     PIC base gid=0      a=9.65543 b=0 c=-2.24156e-06 d=-0.000125398

--- kernel_log (step=63, dt=5.02102e-05, halvings=7) ---
0000     PIC base gid=0      a=9.65543 b=0 c=-2.24181e-06 d=-0.000125398

--- kernel_log (step=64, dt=5.14254e-05, halvings=7) ---
0000     PIC base gid=0      a=9.65542 b=0 c=-2.24205e-06 d=-0.000125398

--- kernel_log (step=65, dt=5.27329e-05, halvings=7) ---
0000     PIC base gid=0      a=9.65542 b=0 c=-2.2423e-06 d=-0.000125398

--- kernel_log (step=66, dt=5.4145e-05, halvings=7) ---
0000     PIC base gid=0      a=9.65542 b=0 c=-2.24254e-06 d=-0.000125398

--- kernel_log (step=67, dt=5.56764e-05, halvings=7) ---
0000     PIC base gid=0      a=9.65542 b=0 c=-2.24279e-06 d=-0.000125398

--- kernel_log (step=68, dt=5.73448e-05, halvings=7) ---
0000     PIC base gid=0      a=9.65542 b=0 c=-2.24303e-06 d=-0.000125398

--- kernel_log (step=69, dt=5.9172e-05, halvings=7) ---
0000     PIC base gid=0      a=9.65542 b=0 c=-2.24326e-06 d=-0.000125398

--- kernel_log (step=70, dt=6.11846e-05, halvings=7) ---
0000     PIC base gid=0      a=9.65542 b=0 c=-2.2435e-06 d=-0.000125398

--- kernel_log (step=71, dt=6.34163e-05, halvings=7) ---
0000     PIC base gid=0      a=9.65542 b=0 c=-2.24373e-06 d=-0.000125398

--- kernel_log (step=72, dt=6.59101e-05, halvings=7) ---
0000     PIC base gid=0      a=9.65541 b=0 c=-2.24396e-06 d=-0.000125398

--- kernel_log (step=73, dt=6.87215e-05, halvings=7) ---
0000     PIC base gid=0      a=9.65541 b=0 c=-2.24419e-06 d=-0.000125398

--- kernel_log (step=74, dt=7.19242e-05, halvings=7) ---
0000     PIC base gid=0      a=9.65541 b=0 c=-2.24441e-06 d=-0.000125398

--- kernel_log (step=75, dt=7.5618e-05, halvings=7) ---
0000     PIC base gid=0      a=9.65541 b=0 c=-2.24463e-06 d=-0.000125398

--- kernel_log (step=76, dt=7.99427e-05, halvings=7) ---
0000     PIC base gid=0      a=9.65541 b=0 c=-2.24485e-06 d=-0.000125398

--- kernel_log (step=77, dt=8.51009e-05, halvings=7) ---
0000     PIC base gid=0      a=9.6554 b=0 c=-2.24506e-06 d=-0.000125398

--- kernel_log (step=78, dt=9.13994e-05, halvings=7) ---
0000     PIC base gid=0      a=9.6554 b=0 c=-2.24527e-06 d=-0.000125398

--- kernel_log (step=79, dt=9.9331e-05, halvings=7) ---
0000     PIC base gid=0      a=9.65539 b=0 c=-2.24547e-06 d=-0.000125398

--- kernel_log (step=80, dt=5.48743e-05, halvings=8) ---
0000     PIC base gid=0      a=9.65542 b=0 c=-2.2457e-06 d=-0.000125398

--- kernel_log (step=81, dt=6.22227e-05, halvings=8) ---
0000     PIC base gid=0      a=9.65542 b=0 c=-2.24592e-06 d=-0.000125398

--- kernel_log (step=82, dt=7.36101e-05, halvings=8) ---
0000     PIC base gid=0      a=9.65541 b=0 c=-2.24613e-06 d=-0.000125398

--- kernel_log (step=83, dt=9.49455e-05, halvings=8) ---
0000     PIC base gid=0      a=9.65539 b=0 c=-2.24633e-06 d=-0.000125398

--- kernel_log (step=84, dt=8.16744e-05, halvings=9) ---
0000     PIC base gid=0      a=9.6554 b=0 c=-2.24653e-06 d=-0.000125397

--- kernel_log (step=85, dt=0.273648) ---
0000     PIC base gid=0      a=9.4729 b=0 c=-2.09267e-06 d=-0.000125376

--- kernel_log (step=86, dt=0.000201977, halvings=4) ---
0000     PIC base gid=0      a=9.31618 b=1.8699 c=-2.92306e-06 d=-0.000201188

--- kernel_log (step=87, dt=6.34722e-05, halvings=6) ---
0000     PIC base gid=0      a=9.44949 b=1.64631 c=-3.11121e-06 d=-0.000201185

--- kernel_log (step=88, dt=6.77e-05, halvings=6) ---
0000     PIC base gid=0      a=9.4472 b=1.58107 c=-3.26804e-06 d=-0.00020117

--- kernel_log (step=89, dt=6.87383e-05, halvings=6) ---
0000     PIC base gid=0      a=9.44743 b=1.52156 c=-3.39909e-06 d=-0.000201156

--- kernel_log (step=90, dt=6.97665e-05, halvings=6) ---
0000     PIC base gid=0      a=9.44762 b=1.46686 c=-3.50769e-06 d=-0.000201143

--- kernel_log (step=91, dt=7.07934e-05, halvings=6) ---
0000     PIC base gid=0      a=9.4478 b=1.41575 c=-3.59591e-06 d=-0.000201133

--- kernel_log (step=92, dt=7.18264e-05, halvings=6) ---
0000     PIC base gid=0      a=9.44796 b=1.36737 c=-3.66529e-06 d=-0.000201123

--- kernel_log (step=93, dt=7.28726e-05, halvings=6) ---
0000     PIC base gid=0      a=9.44811 b=1.32105 c=-3.71715e-06 d=-0.000201115

--- kernel_log (step=94, dt=7.3933e-05, halvings=6) ---
0000     PIC base gid=0      a=9.44826 b=1.27633 c=-3.75273e-06 d=-0.000201107

--- kernel_log (step=95, dt=7.49377e-05, halvings=6) ---
0000     PIC base gid=0      a=9.44846 b=1.23282 c=-3.7733e-06 d=-0.000201099

--- kernel_log (step=96, dt=7.59746e-05, halvings=6) ---
0000     PIC base gid=0      a=9.44859 b=1.19024 c=-3.7804e-06 d=-0.000201091

--- kernel_log (step=97, dt=7.70479e-05, halvings=6) ---
0000     PIC base gid=0      a=9.4487 b=1.14836 c=-3.77642e-06 d=-0.000201082

--- kernel_log (step=98, dt=7.81619e-05, halvings=6) ---
0000     PIC base gid=0      a=9.44879 b=1.10701 c=-3.76521e-06 d=-0.000201074

--- kernel_log (step=99, dt=7.93213e-05, halvings=6) ---
0000     PIC base gid=0      a=9.44894 b=1.06606 c=-3.74271e-06 d=-0.000201066

--- kernel_log (step=100, dt=8.05304e-05, halvings=6) ---
0000     PIC base gid=0      a=9.44916 b=1.02541 c=-3.71016e-06 d=-0.000201059

--- kernel_log (step=101, dt=8.17945e-05, halvings=6) ---
0000     PIC base gid=0      a=9.44932 b=0.984968 c=-3.66897e-06 d=-0.000201053

--- kernel_log (step=102, dt=8.31187e-05, halvings=6) ---
0000     PIC base gid=0      a=9.44947 b=0.944678 c=-3.62212e-06 d=-0.000201048

--- kernel_log (step=103, dt=8.44958e-05, halvings=6) ---
0000     PIC base gid=0      a=9.44974 b=0.904508 c=-3.57563e-06 d=-0.000201044

--- kernel_log (step=104, dt=8.59081e-05, halvings=6) ---
0000     PIC base gid=0      a=9.44998 b=0.864415 c=-3.52981e-06 d=-0.000201041

--- kernel_log (step=105, dt=8.7395e-05, halvings=6) ---
0000     PIC base gid=0      a=9.45024 b=0.824382 c=-3.48486e-06 d=-0.000201039

--- kernel_log (step=106, dt=8.89633e-05, halvings=6) ---
0000     PIC base gid=0      a=9.45052 b=0.784395 c=-3.44085e-06 d=-0.000201037

--- kernel_log (step=107, dt=9.06207e-05, halvings=6) ---
0000     PIC base gid=0      a=9.45083 b=0.744446 c=-3.39786e-06 d=-0.000201037

--- kernel_log (step=108, dt=9.23761e-05, halvings=6) ---
0000     PIC base gid=0      a=9.45124 b=0.704537 c=-3.35594e-06 d=-0.000201037

--- kernel_log (step=109, dt=9.42395e-05, halvings=6) ---
0000     PIC base gid=0      a=9.45162 b=0.664653 c=-3.31516e-06 d=-0.000201038

--- kernel_log (step=110, dt=9.62223e-05, halvings=6) ---
0000     PIC base gid=0      a=9.45204 b=0.6248 c=-3.2756e-06 d=-0.00020104

--- kernel_log (step=111, dt=9.83379e-05, halvings=6) ---
0000     PIC base gid=0      a=9.45257 b=0.584982 c=-3.23734e-06 d=-0.000201043

--- kernel_log (step=112, dt=5.03008e-05, halvings=7) ---
0000     PIC base gid=0      a=9.47701 b=0.546663 c=-3.22136e-06 d=-0.000201044

--- kernel_log (step=113, dt=5.15149e-05, halvings=7) ---
0000     PIC base gid=0      a=9.47734 b=0.506543 c=-3.20629e-06 d=-0.000201046

--- kernel_log (step=114, dt=5.28009e-05, halvings=7) ---
0000     PIC base gid=0      a=9.47772 b=0.466441 c=-3.19204e-06 d=-0.000201048

--- kernel_log (step=115, dt=5.40471e-05, halvings=7) ---
0000     PIC base gid=0      a=9.47821 b=0.426357 c=-3.17862e-06 d=-0.000201051

--- kernel_log (step=116, dt=5.53908e-05, halvings=7) ---
0000     PIC base gid=0      a=9.47875 b=0.38629 c=-3.16604e-06 d=-0.000201053

--- kernel_log (step=117, dt=5.68448e-05, halvings=7) ---
0000     PIC base gid=0      a=9.47936 b=0.346238 c=-3.15431e-06 d=-0.000201056

--- kernel_log (step=118, dt=5.84245e-05, halvings=7) ---
0000     PIC base gid=0      a=9.48003 b=0.306201 c=-3.14349e-06 d=-0.000201059

--- kernel_log (step=119, dt=6.01484e-05, halvings=7) ---
0000     PIC base gid=0      a=9.48085 b=0.266183 c=-3.13349e-06 d=-0.000201062

--- kernel_log (step=120, dt=6.20393e-05, halvings=7) ---
0000     PIC base gid=0      a=9.48183 b=0.226182 c=-3.12435e-06 d=-0.000201065
