
--- kernel_log (step=1, dt=0.00880369) ---
0000     PIC base gid=0      a=1.32813 b=0.132647 c=-0.00870649 d=0.000916594

--- kernel_log (step=2, dt=0.169624) ---
0000     PIC base gid=0      a=1.29807 b=0 c=-0.00382818 d=0.00107123

--- kernel_log (step=3, dt=0.0038137) ---
0000     PIC base gid=0      a=1.26912 b=0.657318 c=-0.0210806 d=0.000980366

--- kernel_log (step=4, dt=0.0710928) ---
0000     PIC base gid=0      a=1.23756 b=0 c=-0.0101096 d=0.00213205

--- kernel_log (step=5, dt=0.00526678) ---
0000     PIC base gid=0      a=1.21308 b=0.306244 c=-0.0179132 d=0.000604153

--- kernel_log (step=6, dt=0.0731255) ---
0000     PIC base gid=0      a=1.16964 b=0 c=-0.0098127 d=0.00196666

--- kernel_log (step=7, dt=0.00523731) ---
0000     PIC base gid=0      a=1.15839 b=0.297998 c=-0.0180329 d=-0.000974353

--- kernel_log (step=8, dt=0.0877165) ---
0000     PIC base gid=0      a=1.11074 b=0 c=-0.0107276 d=0.00110249

--- kernel_log (step=9, dt=0.00489079) ---
0000     PIC base gid=0      a=1.08096 b=0.324441 c=-0.0184423 d=-0.00317766

--- kernel_log (step=10, dt=0.086088) ---
0000     PIC base gid=0      a=1.04309 b=0 c=-0.0108336 d=-0.000154662

--- kernel_log (step=11, dt=0.00496753) ---
0000     PIC base gid=0      a=1.00118 b=0.293953 c=-0.0163118 d=-0.00464938

--- kernel_log (step=12, dt=0.0947465) ---
0000     PIC base gid=0      a=0.971704 b=0 c=-0.00884029 d=-0.000898766

--- kernel_log (step=13, dt=0.00479552) ---
0000     PIC base gid=0      a=0.938729 b=0.29763 c=-0.0136703 d=-0.00598914

--- kernel_log (step=14, dt=0.0939142) ---
0000     PIC base gid=0      a=0.923059 b=0 c=-0.00663535 d=-0.00157811

--- kernel_log (step=15, dt=0.00481087) ---
0000     PIC base gid=0      a=0.903841 b=0.282844 c=-0.0108087 d=-0.00602219

--- kernel_log (step=16, dt=0.108481) ---
0000     PIC base gid=0      a=0.90329 b=0 c=-0.00450872 d=-0.00158389

--- kernel_log (step=17, dt=0.0045823) ---
0000     PIC base gid=0      a=0.8845 b=0.310712 c=-0.0088459 d=-0.00556318

--- kernel_log (step=18, dt=0.146636) ---
0000     PIC base gid=0      a=0.904866 b=0 c=-0.00283361 d=-0.00132653

--- kernel_log (step=19, dt=0.00410748) ---
0000     PIC base gid=0      a=0.878188 b=0.389911 c=-0.00793499 d=-0.00527025

--- kernel_log (step=20, dt=0.154924) ---
0000     PIC base gid=0      a=0.911704 b=0 c=-0.00210435 d=-0.00150317

--- kernel_log (step=21, dt=0.00404) ---
0000     PIC base gid=0      a=0.795341 b=0.366468 c=-0.00534265 d=-0.00512466

--- kernel_log (step=22, dt=0.173213) ---
0000     PIC base gid=0      a=0.854257 b=0 c=-0.000126904 d=-0.00134887

--- kernel_log (step=23, dt=0.00389313) ---
0000     PIC base gid=0      a=0.7561 b=0.376395 c=-0.0030239 d=-0.00563125

--- kernel_log (step=24, dt=0.179986) ---
0000     PIC base gid=0      a=0.829039 b=0 c=0.00104784 d=-0.00169059

--- kernel_log (step=25, dt=0.00385145) ---
0000     PIC base gid=0      a=0.774843 b=0.394616 c=-0.00201373 d=-0.00623321

--- kernel_log (step=26, dt=0.172827) ---
0000     PIC base gid=0      a=0.831478 b=0 c=0.00122848 d=-0.00223249

--- kernel_log (step=27, dt=0.00391048) ---
0000     PIC base gid=0      a=0.827714 b=0.407608 c=-0.00243415 d=-0.0059714

--- kernel_log (step=28, dt=0.169316) ---
0000     PIC base gid=0      a=0.863336 b=0 c=0.000494158 d=-0.00249226

--- kernel_log (step=29, dt=0.00394718) ---
0000     PIC base gid=0      a=0.874904 b=0.422528 c=-0.00367574 d=-0.00543859

--- kernel_log (step=30, dt=0.192687) ---
0000     PIC base gid=0      a=0.907586 b=0 c=-0.000591843 d=-0.00238691

--- kernel_log (step=31, dt=0.00378982) ---
0000     PIC base gid=0      a=0.916435 b=0.482658 c=-0.0052037 d=-0.00492641

--- kernel_log (step=32, dt=0.213999) ---
0000     PIC base gid=0      a=0.943613 b=0 c=-0.00154746 d=-0.00212341

--- kernel_log (step=33, dt=0.00367241) ---
0000     PIC base gid=0      a=0.947648 b=0.53332 c=-0.00546251 d=-0.00416629

--- kernel_log (step=34, dt=0.242126) ---
0000     PIC base gid=0      a=0.969001 b=0 c=-0.00171452 d=-0.00170857

--- kernel_log (step=35, dt=0.00354006) ---
0000     PIC base gid=0      a=0.980356 b=0.594551 c=-0.00407373 d=-0.00310558

--- kernel_log (step=36, dt=0.226448) ---
0000     PIC base gid=0      a=0.99081 b=0 c=-0.00100221 d=-0.00115543

--- kernel_log (step=37, dt=0.00361928) ---
0000     PIC base gid=0      a=1.00661 b=0.583278 c=-0.00203643 d=-0.00185744

--- kernel_log (step=38, dt=0.217227) ---
0000     PIC base gid=0      a=1.0098 b=0 c=8.73966e-05 d=-0.000474155

--- kernel_log (step=39, dt=0.00367524) ---
0000     PIC base gid=0      a=1.01958 b=0.573057 c=-0.000292739 d=-0.000672529

--- kernel_log (step=40, dt=0.213373) ---
0000     PIC base gid=0      a=1.01448 b=0 c=0.00116454 d=0.000177647
