
--- kernel_log (step=1, dt=0.00880369) ---
0000     PIC base gid=0      a=1.11661 b=0.111602 c=-0.00796493 d=0.000878416

--- kernel_log (step=2, dt=0.158766) ---
0000     PIC base gid=0      a=1.0781 b=0 c=-0.00398062 d=0.000774448

--- kernel_log (step=3, dt=0.00354269) ---
0000     PIC base gid=0      a=1.06255 b=0.642077 c=-0.0208898 d=0.00136295

--- kernel_log (step=4, dt=0.0783452) ---
0000     PIC base gid=0      a=1.01896 b=0 c=-0.0109396 d=0.00186688

--- kernel_log (step=5, dt=0.00451219) ---
0000     PIC base gid=0      a=0.999556 b=0.353052 c=-0.0195342 d=0.000532615

--- kernel_log (step=6, dt=0.0854932) ---
0000     PIC base gid=0      a=0.945357 b=0 c=-0.0113369 d=0.00164285

--- kernel_log (step=7, dt=0.00438858) ---
0000     PIC base gid=0      a=0.938233 b=0.354166 c=-0.0205389 d=-0.00164836

--- kernel_log (step=8, dt=0.108333) ---
0000     PIC base gid=0      a=0.884949 b=0 c=-0.0125447 d=0.0006026

--- kernel_log (step=9, dt=0.00402668) ---
0000     PIC base gid=0      a=0.870886 b=0.3944 c=-0.0192416 d=-0.00393058

--- kernel_log (step=10, dt=0.115569) ---
0000     PIC base gid=0      a=0.833587 b=0 c=-0.0103196 d=-0.000124999

--- kernel_log (step=11, dt=0.00395135) ---
0000     PIC base gid=0      a=0.827074 b=0.391485 c=-0.0151253 d=-0.0051222

--- kernel_log (step=12, dt=0.132312) ---
0000     PIC base gid=0      a=0.814023 b=0 c=-0.00694495 d=-0.000475275

--- kernel_log (step=13, dt=0.00379046) ---
0000     PIC base gid=0      a=0.807252 b=0.41988 c=-0.0107329 d=-0.0053595

--- kernel_log (step=14, dt=0.129196) ---
0000     PIC base gid=0      a=0.8172 b=0 c=-0.00388499 d=-0.000759609

--- kernel_log (step=15, dt=0.0038354) ---
0000     PIC base gid=0      a=0.811703 b=0.413255 c=-0.00673651 d=-0.00543302

--- kernel_log (step=16, dt=0.149444) ---
0000     PIC base gid=0      a=0.842412 b=0 c=-0.00144212 d=-0.00116557

--- kernel_log (step=17, dt=0.0036663) ---
0000     PIC base gid=0      a=0.814897 b=0.457346 c=-0.00416492 d=-0.0060721

--- kernel_log (step=18, dt=0.167062) ---
0000     PIC base gid=0      a=0.856367 b=0 c=0.000167417 d=-0.00183144

--- kernel_log (step=19, dt=0.00354746) ---
0000     PIC base gid=0      a=0.788979 b=0.474847 c=-0.00187691 d=-0.00592056

--- kernel_log (step=20, dt=0.148147) ---
0000     PIC base gid=0      a=0.825684 b=0 c=0.00157532 d=-0.00202612

--- kernel_log (step=21, dt=0.00369176) ---
0000     PIC base gid=0      a=0.79525 b=0.440422 c=-0.000943629 d=-0.00509661

--- kernel_log (step=22, dt=0.169302) ---
0000     PIC base gid=0      a=0.831303 b=0 c=0.00176342 d=-0.00172563

--- kernel_log (step=23, dt=0.00355221) ---
0000     PIC base gid=0      a=0.820169 b=0.494102 c=-0.00180757 d=-0.0040333

--- kernel_log (step=24, dt=0.195546) ---
0000     PIC base gid=0      a=0.844993 b=0 c=0.000961521 d=-0.00113386

--- kernel_log (step=25, dt=0.00340799) ---
0000     PIC base gid=0      a=0.849251 b=0.557016 c=-0.00290267 d=-0.00277916

--- kernel_log (step=26, dt=0.217937) ---
0000     PIC base gid=0      a=0.851126 b=0 c=-0.000130056 d=-0.000338608

--- kernel_log (step=27, dt=0.00331036) ---
0000     PIC base gid=0      a=0.867676 b=0.603485 c=-0.0033939 d=-0.00167821

--- kernel_log (step=28, dt=0.271083) ---
0000     PIC base gid=0      a=0.855838 b=0 c=-0.000821403 d=0.000447114

--- kernel_log (step=29, dt=0.0031357) ---
0000     PIC base gid=0      a=0.87487 b=0.680157 c=-0.00311466 d=-0.000847449

--- kernel_log (step=30, dt=0.229696) ---
0000     PIC base gid=0      a=0.850028 b=0 c=-0.000765302 d=0.00106282

--- kernel_log (step=31, dt=0.0032654) ---
0000     PIC base gid=0      a=0.876675 b=0.627448 c=-0.00216465 d=-0.000163389

--- kernel_log (step=32, dt=0.221164) ---
0000     PIC base gid=0      a=0.851875 b=0 c=-0.000270208 d=0.00142728

--- kernel_log (step=33, dt=0.00330411) ---
0000     PIC base gid=0      a=0.881509 b=0.615736 c=-0.00132761 d=0.00029493

--- kernel_log (step=34, dt=0.254883) ---
0000     PIC base gid=0      a=0.864068 b=0 c=0.000278449 d=0.00168038

--- kernel_log (step=35, dt=0.00318899) ---
0000     PIC base gid=0      a=0.892297 b=0.671201 c=-0.0007864 d=0.000534242

--- kernel_log (step=36, dt=0.259411) ---
0000     PIC base gid=0      a=0.875241 b=0 c=0.00070448 d=0.00189013

--- kernel_log (step=37, dt=0.00317476) ---
0000     PIC base gid=0      a=0.902455 b=0.684455 c=-0.000759555 d=0.000194965

--- kernel_log (step=38, dt=0.260356) ---
0000     PIC base gid=0      a=0.884053 b=0 c=0.000758871 d=0.0017409

--- kernel_log (step=39, dt=0.00317475) ---
0000     PIC base gid=0      a=0.907494 b=0.689291 c=-0.00130137 d=-0.000618869

--- kernel_log (step=40, dt=0.272978) ---
0000     PIC base gid=0      a=0.889474 b=0 c=0.00046304 d=0.00130481
