
--- kernel_log (step=1, dt=0.000275115, halvings=5) ---
0000     PIC base gid=0      a=3.9446 b=0.394251 c=-8.40767e-05 d=9.02319e-05

--- kernel_log (step=2, dt=0.000286059, halvings=5) ---
0000     PIC base gid=0      a=3.94466 b=0.362883 c=-0.000170097 d=0.000169781

--- kernel_log (step=3, dt=0.000298386, halvings=5) ---
0000     PIC base gid=0      a=3.94474 b=0.332248 c=-0.000255123 d=0.000234189

--- kernel_log (step=4, dt=0.000312396, halvings=5) ---
0000     PIC base gid=0      a=3.94483 b=0.301974 c=-0.000335383 d=0.000284276

--- kernel_log (step=5, dt=0.00032861, halvings=5) ---
0000     PIC base gid=0      a=3.94494 b=0.271872 c=-0.000408459 d=0.000321859

--- kernel_log (step=6, dt=0.000347702, halvings=5) ---
0000     PIC base gid=0      a=3.94508 b=0.241862 c=-0.000473127 d=0.000348724

--- kernel_log (step=7, dt=0.00037064, halvings=5) ---
0000     PIC base gid=0      a=3.94523 b=0.211919 c=-0.000528918 d=0.000366405

--- kernel_log (step=8, dt=0.000398905, halvings=5) ---
0000     PIC base gid=0      a=3.94541 b=0.182046 c=-0.000575749 d=0.000376145

--- kernel_log (step=9, dt=0.000434918, halvings=5) ---
0000     PIC base gid=0      a=3.94562 b=0.152256 c=-0.000613686 d=0.000378893

--- kernel_log (step=10, dt=0.000241492, halvings=6) ---
0000     PIC base gid=0      a=3.96169 b=0.123096 c=-0.000619945 d=0.000350893

--- kernel_log (step=11, dt=0.000276923, halvings=6) ---
0000     PIC base gid=0      a=3.96181 b=0.0928358 c=-0.000618743 d=0.000321932

--- kernel_log (step=12, dt=0.000334724, halvings=6) ---
0000     PIC base gid=0      a=3.96197 b=0.0626692 c=-0.000610918 d=0.000293387

--- kernel_log (step=13, dt=0.000456472, halvings=6) ---
0000     PIC base gid=0      a=3.96224 b=0.0326544 c=-0.000596967 d=0.000264493

--- kernel_log (step=14, dt=0.000317934, halvings=8) ---
0000     PIC base gid=0      a=3.97459 b=0.00296275 c=-0.000572063 d=0.000228874

--- kernel_log (step=15, dt=0.757859) ---
0000     PIC base gid=0      a=3.7386 b=0 c=-0.000542522 d=0.000193307

--- kernel_log (step=16, dt=0.000282504, halvings=4) ---
0000     PIC base gid=0      a=4.14772 b=1.55751 c=-0.000809241 d=0.000432256

--- kernel_log (step=17, dt=0.64049) ---
0000     PIC base gid=0      a=3.72811 b=0 c=-0.000817417 d=0.000397361

--- kernel_log (step=18, dt=0.000302844, halvings=4) ---
0000     PIC base gid=0      a=4.56855 b=1.48848 c=-0.00101878 d=0.000510151

--- kernel_log (step=19, dt=0.000379512, halvings=5) ---
0000     PIC base gid=0      a=4.63754 b=0.0277825 c=-0.00107215 d=0.000514959

--- kernel_log (step=20, dt=0.00020479, halvings=6) ---
0000     PIC base gid=0      a=4.64795 b=0.020012 c=-0.00110123 d=0.000496176

--- kernel_log (step=21, dt=0.000223526, halvings=6) ---
0000     PIC base gid=0      a=4.64905 b=0.0137773 c=-0.00111422 d=0.000470478

--- kernel_log (step=22, dt=0.000124201, halvings=7) ---
0000     PIC base gid=0      a=4.65367 b=0.00768447 c=-0.00111111 d=0.000439921

--- kernel_log (step=23, dt=0.000142126, halvings=7) ---
0000     PIC base gid=0      a=4.65485 b=0.00187234 c=-0.00109813 d=0.000408707

--- kernel_log (step=24, dt=0.000171016, halvings=7) ---
0000     PIC base gid=0      a=4.65609 b=5.6326e-09 c=-0.00107952 d=0.0003784

--- kernel_log (step=25, dt=0.000115006, halvings=8) ---
0000     PIC base gid=0      a=4.65634 b=0 c=-0.00105772 d=0.000350171

--- kernel_log (step=26, dt=0.000262794, halvings=8) ---
0000     PIC base gid=0      a=4.65634 b=0 c=-0.00103438 d=0.000324396

--- kernel_log (step=27, dt=0.61177) ---
0000     PIC base gid=0      a=4.22883 b=0 c=-0.00100548 d=0.00029262

--- kernel_log (step=28, dt=0.000622157, halvings=3) ---
0000     PIC base gid=0      a=4.96528 b=1.52516 c=-0.00130097 d=0.000435289

--- kernel_log (step=29, dt=0.484192) ---
0000     PIC base gid=0      a=4.30214 b=0 c=-0.00134843 d=0.000451418

--- kernel_log (step=30, dt=0.000344307, halvings=4) ---
0000     PIC base gid=0      a=5.91805 b=1.4811 c=-0.00144409 d=0.000471344

--- kernel_log (step=31, dt=0.000455897, halvings=4) ---
0000     PIC base gid=0      a=5.93551 b=0.619284 c=-0.00152598 d=0.00049306

--- kernel_log (step=32, dt=0.000475701, halvings=4) ---
0000     PIC base gid=0      a=5.93525 b=0.584453 c=-0.00161021 d=0.000515271

--- kernel_log (step=33, dt=0.000491979, halvings=4) ---
0000     PIC base gid=0      a=5.93618 b=0.550632 c=-0.00169472 d=0.000537096

--- kernel_log (step=34, dt=0.00050731, halvings=4) ---
0000     PIC base gid=0      a=5.93768 b=0.517349 c=-0.00177843 d=0.000558026

--- kernel_log (step=35, dt=0.000522545, halvings=4) ---
0000     PIC base gid=0      a=5.93966 b=0.484306 c=-0.00186061 d=0.000577732

--- kernel_log (step=36, dt=0.000269126, halvings=5) ---
0000     PIC base gid=0      a=6.00105 b=0.455845 c=-0.00191501 d=0.000589363

--- kernel_log (step=37, dt=0.000277525, halvings=5) ---
0000     PIC base gid=0      a=6.00244 b=0.421623 c=-0.00196401 d=0.000596212

--- kernel_log (step=38, dt=0.000286686, halvings=5) ---
0000     PIC base gid=0      a=6.00394 b=0.387191 c=-0.00200771 d=0.00059978

--- kernel_log (step=39, dt=0.000296789, halvings=5) ---
0000     PIC base gid=0      a=6.00558 b=0.352555 c=-0.00204657 d=0.000600905

--- kernel_log (step=40, dt=0.000308043, halvings=5) ---
0000     PIC base gid=0      a=6.00736 b=0.317731 c=-0.00208105 d=0.000600111

--- kernel_log (step=41, dt=0.000320709, halvings=5) ---
0000     PIC base gid=0      a=6.00935 b=0.282741 c=-0.00211151 d=0.000597755

--- kernel_log (step=42, dt=0.000335121, halvings=5) ---
0000     PIC base gid=0      a=6.01156 b=0.247606 c=-0.00213825 d=0.000594089

--- kernel_log (step=43, dt=0.000351725, halvings=5) ---
0000     PIC base gid=0      a=6.01406 b=0.21235 c=-0.00216145 d=0.000589287

--- kernel_log (step=44, dt=0.000371141, halvings=5) ---
0000     PIC base gid=0      a=6.01695 b=0.176995 c=-0.00218123 d=0.000583468

--- kernel_log (step=45, dt=0.000394164, halvings=5) ---
0000     PIC base gid=0      a=6.02044 b=0.14156 c=-0.0021976 d=0.000576706

--- kernel_log (step=46, dt=0.000421432, halvings=5) ---
0000     PIC base gid=0      a=6.02488 b=0.106066 c=-0.00221051 d=0.000569029

--- kernel_log (step=47, dt=0.000227503, halvings=6) ---
0000     PIC base gid=0      a=6.05209 b=0.0707468 c=-0.0022153 d=0.000559342

--- kernel_log (step=48, dt=0.000249549, halvings=6) ---
0000     PIC base gid=0      a=6.05662 b=0.0342471 c=-0.00221643 d=0.00054821

--- kernel_log (step=49, dt=0.000279644, halvings=6) ---
0000     PIC base gid=0      a=6.0646 b=0.00265632 c=-0.00221392 d=0.000536003

--- kernel_log (step=50, dt=0.000162156, halvings=7) ---
0000     PIC base gid=0      a=6.07307 b=0.000486309 c=-0.00220737 d=0.00052286

--- kernel_log (step=51, dt=0.000201266, halvings=7) ---
0000     PIC base gid=0      a=6.07591 b=4.32644e-10 c=-0.00219829 d=0.000509168

--- kernel_log (step=52, dt=0.000148136, halvings=8) ---
0000     PIC base gid=0      a=6.07675 b=0 c=-0.00218728 d=0.00049519

--- kernel_log (step=53, dt=0.253196) ---
0000     PIC base gid=0      a=5.37125 b=0 c=-0.00216819 d=0.00046889

--- kernel_log (step=54, dt=0.000489321, halvings=4) ---
0000     PIC base gid=0      a=6.73416 b=0.811145 c=-0.00220474 d=0.00047093

--- kernel_log (step=55, dt=0.000506586, halvings=4) ---
0000     PIC base gid=0      a=6.73431 b=0.753491 c=-0.00224416 d=0.00047623

--- kernel_log (step=56, dt=0.000522763, halvings=4) ---
0000     PIC base gid=0      a=6.73457 b=0.704654 c=-0.0022862 d=0.000483561

--- kernel_log (step=57, dt=0.000538531, halvings=4) ---
0000     PIC base gid=0      a=6.73502 b=0.660733 c=-0.00233025 d=0.000492155

--- kernel_log (step=58, dt=0.000277232, halvings=5) ---
0000     PIC base gid=0      a=6.81518 b=0.627452 c=-0.00235622 d=0.000497803

--- kernel_log (step=59, dt=0.0002856, halvings=5) ---
0000     PIC base gid=0      a=6.81553 b=0.588051 c=-0.0023817 d=0.000502346

--- kernel_log (step=60, dt=0.000294697, halvings=5) ---
0000     PIC base gid=0      a=6.81589 b=0.549215 c=-0.00240637 d=0.000506078

--- kernel_log (step=61, dt=0.000304685, halvings=5) ---
0000     PIC base gid=0      a=6.81631 b=0.510748 c=-0.00243012 d=0.000509144

--- kernel_log (step=62, dt=0.000315754, halvings=5) ---
0000     PIC base gid=0      a=6.81675 b=0.472525 c=-0.0024529 d=0.000511627

--- kernel_log (step=63, dt=0.000328136, halvings=5) ---
0000     PIC base gid=0      a=6.81724 b=0.43448 c=-0.00247469 d=0.00051358

--- kernel_log (step=64, dt=0.000341694, halvings=5) ---
0000     PIC base gid=0      a=6.81785 b=0.396585 c=-0.00249543 d=0.000515033

--- kernel_log (step=65, dt=0.000356687, halvings=5) ---
0000     PIC base gid=0      a=6.8186 b=0.358826 c=-0.00251507 d=0.000516006

--- kernel_log (step=66, dt=0.000373733, halvings=5) ---
0000     PIC base gid=0      a=6.81944 b=0.321195 c=-0.00253356 d=0.000516508

--- kernel_log (step=67, dt=0.000393581, halvings=5) ---
0000     PIC base gid=0      a=6.82038 b=0.283692 c=-0.00255084 d=0.000516546

--- kernel_log (step=68, dt=0.000417091, halvings=5) ---
0000     PIC base gid=0      a=6.82144 b=0.246324 c=-0.00256685 d=0.000516122

--- kernel_log (step=69, dt=0.000445549, halvings=5) ---
0000     PIC base gid=0      a=6.82274 b=0.209099 c=-0.0025815 d=0.00051523

--- kernel_log (step=70, dt=0.000480979, halvings=5) ---
0000     PIC base gid=0      a=6.82428 b=0.172029 c=-0.00259469 d=0.000513861

--- kernel_log (step=71, dt=0.0002634, halvings=6) ---
0000     PIC base gid=0      a=6.86244 b=0.135865 c=-0.0026021 d=0.000511188

--- kernel_log (step=72, dt=0.000295572, halvings=6) ---
0000     PIC base gid=0      a=6.86381 b=0.0981225 c=-0.00260798 d=0.000507754

--- kernel_log (step=73, dt=0.000344003, halvings=6) ---
0000     PIC base gid=0      a=6.86608 b=0.0605261 c=-0.00261227 d=0.000503689

--- kernel_log (step=74, dt=0.000427576, halvings=6) ---
0000     PIC base gid=0      a=6.87117 b=0.0231174 c=-0.00261483 d=0.000499048

--- kernel_log (step=75, dt=0.000323564, halvings=7) ---
0000     PIC base gid=0      a=6.89183 b=0.000272915 c=-0.00261497 d=0.000493766

--- kernel_log (step=76, dt=0.212796) ---
0000     PIC base gid=0      a=5.80678 b=0 c=-0.00260892 d=0.000476124

--- kernel_log (step=77, dt=0.000285866, halvings=5) ---
0000     PIC base gid=0      a=6.23746 b=0.542147 c=-0.00262482 d=0.000476284

--- kernel_log (step=78, dt=0.000294096, halvings=5) ---
0000     PIC base gid=0      a=6.23589 b=0.511158 c=-0.00264032 d=0.000476505

--- kernel_log (step=79, dt=0.000303016, halvings=5) ---
0000     PIC base gid=0      a=6.2342 b=0.480418 c=-0.00265541 d=0.00047676

--- kernel_log (step=80, dt=0.000312603, halvings=5) ---
0000     PIC base gid=0      a=6.23247 b=0.449847 c=-0.00267006 d=0.000477028

--- kernel_log (step=81, dt=0.000323138, halvings=5) ---
0000     PIC base gid=0      a=6.23068 b=0.419388 c=-0.00268423 d=0.000477297

--- kernel_log (step=82, dt=0.000334829, halvings=5) ---
0000     PIC base gid=0      a=6.22877 b=0.389009 c=-0.00269789 d=0.000477558

--- kernel_log (step=83, dt=0.000347914, halvings=5) ---
0000     PIC base gid=0      a=6.22674 b=0.358699 c=-0.00271102 d=0.000477802

--- kernel_log (step=84, dt=0.000362695, halvings=5) ---
0000     PIC base gid=0      a=6.22457 b=0.328453 c=-0.00272359 d=0.000478026

--- kernel_log (step=85, dt=0.000379575, halvings=5) ---
0000     PIC base gid=0      a=6.22224 b=0.298274 c=-0.00273555 d=0.000478222

--- kernel_log (step=86, dt=0.000399104, halvings=5) ---
0000     PIC base gid=0      a=6.21972 b=0.268167 c=-0.00274687 d=0.000478388

--- kernel_log (step=87, dt=0.000422057, halvings=5) ---
0000     PIC base gid=0      a=6.21701 b=0.238143 c=-0.00275752 d=0.000478518

--- kernel_log (step=88, dt=0.000449567, halvings=5) ---
0000     PIC base gid=0      a=6.21412 b=0.208213 c=-0.00276744 d=0.000478609

--- kernel_log (step=89, dt=0.000241689, halvings=6) ---
0000     PIC base gid=0      a=6.24361 b=0.179359 c=-0.0027719 d=0.00047868

--- kernel_log (step=90, dt=0.000263711, halvings=6) ---
0000     PIC base gid=0      a=6.24196 b=0.148963 c=-0.00277592 d=0.000478708

--- kernel_log (step=91, dt=0.000293297, halvings=6) ---
0000     PIC base gid=0      a=6.24009 b=0.118643 c=-0.00277946 d=0.000478695

--- kernel_log (step=92, dt=0.000334676, halvings=6) ---
0000     PIC base gid=0      a=6.23813 b=0.0884251 c=-0.00278244 d=0.000478643

--- kernel_log (step=93, dt=0.000401504, halvings=6) ---
0000     PIC base gid=0      a=6.23606 b=0.0583399 c=-0.00278477 d=0.000478548

--- kernel_log (step=94, dt=0.000267674, halvings=7) ---
0000     PIC base gid=0      a=6.24973 b=0.0285288 c=-0.00278551 d=0.000478485

--- kernel_log (step=95, dt=0.000128872, halvings=9) ---
0000     PIC base gid=0      a=6.26212 b=4.97591e-08 c=-0.00278552 d=0.000478481

--- kernel_log (step=96, dt=0.214535) ---
0000     PIC base gid=0      a=4.96336 b=0 c=-0.00277297 d=0.000460072

--- kernel_log (step=97, dt=0.000304588, halvings=5) ---
0000     PIC base gid=0      a=4.89496 b=0.373379 c=-0.00279761 d=0.000460049

--- kernel_log (step=98, dt=0.00031318, halvings=5) ---
0000     PIC base gid=0      a=4.89324 b=0.352453 c=-0.00282157 d=0.000460095

--- kernel_log (step=99, dt=0.000322522, halvings=5) ---
0000     PIC base gid=0      a=4.89143 b=0.331596 c=-0.00284485 d=0.000460178

--- kernel_log (step=100, dt=0.00033266, halvings=5) ---
0000     PIC base gid=0      a=4.88954 b=0.310796 c=-0.00286741 d=0.000460278

--- kernel_log (step=101, dt=0.000343798, halvings=5) ---
0000     PIC base gid=0      a=4.88757 b=0.290043 c=-0.0028892 d=0.000460381

--- kernel_log (step=102, dt=0.00035615, halvings=5) ---
0000     PIC base gid=0      a=4.8855 b=0.269334 c=-0.00291019 d=0.000460477

--- kernel_log (step=103, dt=0.000369954, halvings=5) ---
0000     PIC base gid=0      a=4.88329 b=0.248669 c=-0.00293035 d=0.000460558

--- kernel_log (step=104, dt=0.000385519, halvings=5) ---
0000     PIC base gid=0      a=4.88094 b=0.228051 c=-0.00294962 d=0.000460617

--- kernel_log (step=105, dt=0.000403255, halvings=5) ---
0000     PIC base gid=0      a=4.87846 b=0.207484 c=-0.00296796 d=0.00046065

--- kernel_log (step=106, dt=0.000423716, halvings=5) ---
0000     PIC base gid=0      a=4.87582 b=0.186973 c=-0.00298531 d=0.000460651

--- kernel_log (step=107, dt=0.000223842, halvings=6) ---
0000     PIC base gid=0      a=4.89688 b=0.16737 c=-0.00299334 d=0.000460691

--- kernel_log (step=108, dt=0.000238466, halvings=6) ---
0000     PIC base gid=0      a=4.8954 b=0.146578 c=-0.00300078 d=0.000460689

--- kernel_log (step=109, dt=0.00025644, halvings=6) ---
0000     PIC base gid=0      a=4.89378 b=0.125826 c=-0.00300761 d=0.00046065

--- kernel_log (step=110, dt=0.000279157, halvings=6) ---
0000     PIC base gid=0      a=4.89204 b=0.105122 c=-0.00301378 d=0.000460576

--- kernel_log (step=111, dt=0.00030861, halvings=6) ---
0000     PIC base gid=0      a=4.89017 b=0.0844769 c=-0.00301919 d=0.000460466

--- kernel_log (step=112, dt=0.000349924, halvings=6) ---
0000     PIC base gid=0      a=4.88814 b=0.0639026 c=-0.00302376 d=0.000460319

--- kernel_log (step=113, dt=0.00020757, halvings=7) ---
0000     PIC base gid=0      a=4.89775 b=0.0435317 c=-0.00302554 d=0.000460234

--- kernel_log (step=114, dt=0.000272007, halvings=7) ---
0000     PIC base gid=0      a=4.8965 b=0.02279 c=-0.0030267 d=0.000460124

--- kernel_log (step=115, dt=0.000233397, halvings=8) ---
0000     PIC base gid=0      a=4.90227 b=0.00217822 c=-0.00302677 d=0.000460075

--- kernel_log (step=116, dt=0.226203) ---
0000     PIC base gid=0      a=3.73607 b=0 c=-0.00298682 d=0.000427755

--- kernel_log (step=117, dt=0.000317929, halvings=5) ---
0000     PIC base gid=0      a=3.66665 b=0.256293 c=-0.00303335 d=0.00042756

--- kernel_log (step=118, dt=0.000326354, halvings=5) ---
0000     PIC base gid=0      a=3.66524 b=0.242788 c=-0.00307861 d=0.000427432

--- kernel_log (step=119, dt=0.000335471, halvings=5) ---
0000     PIC base gid=0      a=3.66374 b=0.229311 c=-0.00312256 d=0.00042734

--- kernel_log (step=120, dt=0.000345388, halvings=5) ---
0000     PIC base gid=0      a=3.66217 b=0.215863 c=-0.00316516 d=0.00042726

--- kernel_log (step=121, dt=0.000356157, halvings=5) ---
0000     PIC base gid=0      a=3.66052 b=0.202441 c=-0.00320635 d=0.00042718

--- kernel_log (step=122, dt=0.00036798, halvings=5) ---
0000     PIC base gid=0      a=3.65884 b=0.189048 c=-0.00324608 d=0.000427088

--- kernel_log (step=123, dt=0.000381063, halvings=5) ---
0000     PIC base gid=0      a=3.65707 b=0.175684 c=-0.00328427 d=0.000426978

--- kernel_log (step=124, dt=0.000395647, halvings=5) ---
0000     PIC base gid=0      a=3.65518 b=0.162349 c=-0.00332088 d=0.000426842

--- kernel_log (step=125, dt=0.000412044, halvings=5) ---
0000     PIC base gid=0      a=3.65319 b=0.149047 c=-0.00335582 d=0.000426677

--- kernel_log (step=126, dt=0.000430666, halvings=5) ---
0000     PIC base gid=0      a=3.65109 b=0.13578 c=-0.00338903 d=0.000426478

--- kernel_log (step=127, dt=0.000452069, halvings=5) ---
0000     PIC base gid=0      a=3.64885 b=0.122553 c=-0.00342042 d=0.000426242

--- kernel_log (step=128, dt=0.000238512, halvings=6) ---
0000     PIC base gid=0      a=3.66244 b=0.109868 c=-0.003435 d=0.000426153

--- kernel_log (step=129, dt=0.00025362, halvings=6) ---
0000     PIC base gid=0      a=3.66119 b=0.0964609 c=-0.00344854 d=0.000426022

--- kernel_log (step=130, dt=0.000272066, halvings=6) ---
0000     PIC base gid=0      a=3.65985 b=0.0830826 c=-0.00346097 d=0.000425852

--- kernel_log (step=131, dt=0.000295307, halvings=6) ---
0000     PIC base gid=0      a=3.65839 b=0.0697359 c=-0.00347219 d=0.000425645

--- kernel_log (step=132, dt=0.000325883, halvings=6) ---
0000     PIC base gid=0      a=3.65679 b=0.0564284 c=-0.00348209 d=0.000425401

--- kernel_log (step=133, dt=0.000368762, halvings=6) ---
0000     PIC base gid=0      a=3.65499 b=0.0431687 c=-0.00349051 d=0.000425119

--- kernel_log (step=134, dt=0.000217681, halvings=7) ---
0000     PIC base gid=0      a=3.66109 b=0.0300427 c=-0.00349385 d=0.000424964

--- kernel_log (step=135, dt=0.000277654, halvings=7) ---
0000     PIC base gid=0      a=3.65999 b=0.0166761 c=-0.00349607 d=0.000424784

--- kernel_log (step=136, dt=0.000216547, halvings=8) ---
0000     PIC base gid=0      a=3.66314 b=0.00339166 c=-0.00349633 d=0.000424694

--- kernel_log (step=137, dt=0.247803) ---
0000     PIC base gid=0      a=2.73359 b=0 c=-0.00337586 d=0.000365835

--- kernel_log (step=138, dt=0.000327291, halvings=5) ---
0000     PIC base gid=0      a=2.76357 b=0.182253 c=-0.00345294 d=0.000365565

--- kernel_log (step=139, dt=0.000335089, halvings=5) ---
0000     PIC base gid=0      a=2.76278 b=0.173603 c=-0.00352801 d=0.000365354

--- kernel_log (step=140, dt=0.000343464, halvings=5) ---
0000     PIC base gid=0      a=2.76196 b=0.164969 c=-0.00360105 d=0.000365167

--- kernel_log (step=141, dt=0.000352491, halvings=5) ---
0000     PIC base gid=0      a=2.7611 b=0.156349 c=-0.00367199 d=0.000364983

--- kernel_log (step=142, dt=0.000362261, halvings=5) ---
0000     PIC base gid=0      a=2.76021 b=0.147744 c=-0.00374077 d=0.000364787

--- kernel_log (step=143, dt=0.000372789, halvings=5) ---
0000     PIC base gid=0      a=2.75928 b=0.139155 c=-0.00380731 d=0.000364571

--- kernel_log (step=144, dt=0.00038417, halvings=5) ---
0000     PIC base gid=0      a=2.75831 b=0.130581 c=-0.00387153 d=0.000364329

--- kernel_log (step=145, dt=0.000396671, halvings=5) ---
0000     PIC base gid=0      a=2.75729 b=0.122025 c=-0.00393334 d=0.000364056

--- kernel_log (step=146, dt=0.000410488, halvings=5) ---
0000     PIC base gid=0      a=2.75623 b=0.113486 c=-0.00399267 d=0.000363748

--- kernel_log (step=147, dt=0.000425871, halvings=5) ---
0000     PIC base gid=0      a=2.75514 b=0.104968 c=-0.00404943 d=0.000363401

--- kernel_log (step=148, dt=0.00044314, halvings=5) ---
0000     PIC base gid=0      a=2.75398 b=0.0964698 c=-0.00410352 d=0.000363014

--- kernel_log (step=149, dt=0.000231357, halvings=6) ---
0000     PIC base gid=0      a=2.7633 b=0.0883483 c=-0.00412901 d=0.000362839

--- kernel_log (step=150, dt=0.000242822, halvings=6) ---
0000     PIC base gid=0      a=2.76265 b=0.0797337 c=-0.00415303 d=0.000362624

--- kernel_log (step=151, dt=0.000256209, halvings=6) ---
0000     PIC base gid=0      a=2.76196 b=0.0711331 c=-0.00417552 d=0.000362374

--- kernel_log (step=152, dt=0.000272128, halvings=6) ---
0000     PIC base gid=0      a=2.76124 b=0.0625485 c=-0.00419638 d=0.000362091

--- kernel_log (step=153, dt=0.000291499, halvings=6) ---
0000     PIC base gid=0      a=2.76048 b=0.0539817 c=-0.00421551 d=0.000361777

--- kernel_log (step=154, dt=0.000315795, halvings=6) ---
0000     PIC base gid=0      a=2.75966 b=0.0454353 c=-0.00423276 d=0.000361432

--- kernel_log (step=155, dt=0.000347562, halvings=6) ---
0000     PIC base gid=0      a=2.75875 b=0.0369134 c=-0.00424797 d=0.000361054

--- kernel_log (step=156, dt=0.000391693, halvings=6) ---
0000     PIC base gid=0      a=2.75773 b=0.0284219 c=-0.0042609 d=0.000360641

--- kernel_log (step=157, dt=0.000229634, halvings=7) ---
0000     PIC base gid=0      a=2.76197 b=0.0200119 c=-0.00426604 d=0.000360421

--- kernel_log (step=158, dt=0.000290401, halvings=7) ---
0000     PIC base gid=0      a=2.7613 b=0.0114427 c=-0.00426951 d=0.000360176

--- kernel_log (step=159, dt=0.000216542, halvings=8) ---
0000     PIC base gid=0      a=2.76344 b=0.00292665 c=-0.00426998 d=0.000360054

--- kernel_log (step=160, dt=0.268789) ---
0000     PIC base gid=0      a=2.07229 b=0 c=-0.00397652 d=0.000265021
