
--- kernel_log (step=1, dt=0.00880369) ---
0000     PIC base gid=0      a=1.11661 b=0.111602 c=-0.00796493 d=0.000878416

--- kernel_log (step=2, dt=0.158766) ---
0000     PIC base gid=0      a=1.0781 b=0 c=-0.00398062 d=0.000774448

--- kernel_log (step=3, dt=0.00354269) ---
0000     PIC base gid=0      a=1.06255 b=0.642077 c=-0.0208898 d=0.00136295

--- kernel_log (step=4, dt=0.0783452) ---
0000     PIC base gid=0      a=1.01896 b=0 c=-0.0109396 d=0.00186688

--- kernel_log (step=5, dt=0.00451219) ---
0000     PIC base gid=0      a=0.999556 b=0.353052 c=-0.0195342 d=0.000532614

--- kernel_log (step=6, dt=0.0854932) ---
0000     PIC base gid=0      a=0.945357 b=0 c=-0.0113369 d=0.00164285

--- kernel_log (step=7, dt=0.00438858) ---
0000     PIC base gid=0      a=0.938233 b=0.354166 c=-0.0205389 d=-0.00164836

--- kernel_log (step=8, dt=0.108333) ---
0000     PIC base gid=0      a=0.884949 b=0 c=-0.0125447 d=0.000602599

--- kernel_log (step=9, dt=0.00402668) ---
0000     PIC base gid=0      a=0.870886 b=0.3944 c=-0.0192416 d=-0.00393058

--- kernel_log (step=10, dt=0.115569) ---
0000     PIC base gid=0      a=0.833587 b=0 c=-0.0103196 d=-0.000124997

--- kernel_log (step=11, dt=0.00395135) ---
0000     PIC base gid=0      a=0.827074 b=0.391485 c=-0.0151253 d=-0.00512219

--- kernel_log (step=12, dt=0.132312) ---
0000     PIC base gid=0      a=0.814023 b=0 c=-0.00694495 d=-0.000475272

--- kernel_log (step=13, dt=0.00379046) ---
0000     PIC base gid=0      a=0.807252 b=0.41988 c=-0.0107329 d=-0.0053595

--- kernel_log (step=14, dt=0.129196) ---
0000     PIC base gid=0      a=0.8172 b=0 c=-0.00388499 d=-0.000759608

--- kernel_log (step=15, dt=0.0038354) ---
0000     PIC base gid=0      a=0.811703 b=0.413255 c=-0.00673651 d=-0.00543302

--- kernel_log (step=16, dt=0.149444) ---
0000     PIC base gid=0      a=0.842412 b=0 c=-0.00144212 d=-0.00116558

--- kernel_log (step=17, dt=0.0036663) ---
0000     PIC base gid=0      a=0.814897 b=0.457346 c=-0.00416495 d=-0.00607212

--- kernel_log (step=18, dt=0.167062) ---
0000     PIC base gid=0      a=0.856367 b=0 c=0.000167402 d=-0.00183145

--- kernel_log (step=19, dt=0.00354746) ---
0000     PIC base gid=0      a=0.78898 b=0.474847 c=-0.00187694 d=-0.00592058

--- kernel_log (step=20, dt=0.148147) ---
0000     PIC base gid=0      a=0.825684 b=0 c=0.00157531 d=-0.00202613

--- kernel_log (step=21, dt=0.00369176) ---
0000     PIC base gid=0      a=0.795251 b=0.440422 c=-0.000943638 d=-0.00509663

--- kernel_log (step=22, dt=0.169302) ---
0000     PIC base gid=0      a=0.831302 b=0 c=0.00176341 d=-0.00172564

--- kernel_log (step=23, dt=0.00355221) ---
0000     PIC base gid=0      a=0.82017 b=0.494101 c=-0.00180753 d=-0.00403329

--- kernel_log (step=24, dt=0.195546) ---
0000     PIC base gid=0      a=0.844993 b=0 c=0.000961537 d=-0.00113387

--- kernel_log (step=25, dt=0.00340798) ---
0000     PIC base gid=0      a=0.849251 b=0.557016 c=-0.00290262 d=-0.00277916

--- kernel_log (step=26, dt=0.217937) ---
0000     PIC base gid=0      a=0.851126 b=0 c=-0.000130039 d=-0.00033862

--- kernel_log (step=27, dt=0.00331036) ---
0000     PIC base gid=0      a=0.867676 b=0.603485 c=-0.00339386 d=-0.00167822

--- kernel_log (step=28, dt=0.27108) ---
0000     PIC base gid=0      a=0.855838 b=0 c=-0.000821386 d=0.000447103

--- kernel_log (step=29, dt=0.0031357) ---
0000     PIC base gid=0      a=0.874869 b=0.680154 c=-0.0031147 d=-0.00084744

--- kernel_log (step=30, dt=0.229697) ---
0000     PIC base gid=0      a=0.850028 b=0 c=-0.000765329 d=0.00106281

--- kernel_log (step=31, dt=0.0032654) ---
0000     PIC base gid=0      a=0.876674 b=0.627449 c=-0.00216465 d=-0.000163399

--- kernel_log (step=32, dt=0.221165) ---
0000     PIC base gid=0      a=0.851875 b=0 c=-0.000270224 d=0.00142727

--- kernel_log (step=33, dt=0.0033041) ---
0000     PIC base gid=0      a=0.881509 b=0.615738 c=-0.00132762 d=0.000294904

--- kernel_log (step=34, dt=0.254884) ---
0000     PIC base gid=0      a=0.864068 b=0 c=0.000278434 d=0.00168036

--- kernel_log (step=35, dt=0.00318898) ---
0000     PIC base gid=0      a=0.892297 b=0.671203 c=-0.000786425 d=0.000534223

--- kernel_log (step=36, dt=0.259411) ---
0000     PIC base gid=0      a=0.875241 b=0 c=0.000704456 d=0.00189011

--- kernel_log (step=37, dt=0.00317476) ---
0000     PIC base gid=0      a=0.902456 b=0.684457 c=-0.000759557 d=0.00019496

--- kernel_log (step=38, dt=0.260357) ---
0000     PIC base gid=0      a=0.884054 b=0 c=0.00075886 d=0.0017409

--- kernel_log (step=39, dt=0.00317475) ---
0000     PIC base gid=0      a=0.907494 b=0.689294 c=-0.00130138 d=-0.000618869

--- kernel_log (step=40, dt=0.272977) ---
0000     PIC base gid=0      a=0.889475 b=0 c=0.000463026 d=0.00130481
