
--- kernel_log (step=1, dt=0.00880369) ---
0000     PIC base gid=0      a=1.32813 b=0.132647 c=-0.00870649 d=0.000916594

--- kernel_log (step=2, dt=0.169624) ---
0000     PIC base gid=0      a=1.29807 b=0 c=-0.00382818 d=0.00107123

--- kernel_log (step=3, dt=0.0038137) ---
0000     PIC base gid=0      a=1.26912 b=0.657318 c=-0.0210806 d=0.000980366

--- kernel_log (step=4, dt=0.0710928) ---
0000     PIC base gid=0      a=1.23756 b=0 c=-0.0101096 d=0.00213205

--- kernel_log (step=5, dt=0.00526678) ---
0000     PIC base gid=0      a=1.21308 b=0.306244 c=-0.0179132 d=0.000604153

--- kernel_log (step=6, dt=0.0731255) ---
0000     PIC base gid=0      a=1.16964 b=0 c=-0.0098127 d=0.00196666

--- kernel_log (step=7, dt=0.00523731) ---
0000     PIC base gid=0      a=1.15839 b=0.297999 c=-0.0180329 d=-0.000974352

--- kernel_log (step=8, dt=0.0877165) ---
0000     PIC base gid=0      a=1.11074 b=0 c=-0.0107276 d=0.0011025

--- kernel_log (step=9, dt=0.00489079) ---
0000     PIC base gid=0      a=1.08096 b=0.324441 c=-0.0184423 d=-0.00317766

--- kernel_log (step=10, dt=0.086088) ---
0000     PIC base gid=0      a=1.04309 b=0 c=-0.0108336 d=-0.000154663

--- kernel_log (step=11, dt=0.00496753) ---
0000     PIC base gid=0      a=1.00118 b=0.293953 c=-0.0163118 d=-0.00464936

--- kernel_log (step=12, dt=0.0947464) ---
0000     PIC base gid=0      a=0.971704 b=0 c=-0.0088403 d=-0.000898757

--- kernel_log (step=13, dt=0.00479552) ---
0000     PIC base gid=0      a=0.938728 b=0.29763 c=-0.0136703 d=-0.00598911

--- kernel_log (step=14, dt=0.0939142) ---
0000     PIC base gid=0      a=0.923059 b=0 c=-0.00663535 d=-0.0015781

--- kernel_log (step=15, dt=0.00481087) ---
0000     PIC base gid=0      a=0.903841 b=0.282844 c=-0.0108087 d=-0.00602216

--- kernel_log (step=16, dt=0.108481) ---
0000     PIC base gid=0      a=0.90329 b=0 c=-0.00450873 d=-0.00158388

--- kernel_log (step=17, dt=0.0045823) ---
0000     PIC base gid=0      a=0.8845 b=0.310712 c=-0.00884592 d=-0.00556315

--- kernel_log (step=18, dt=0.146636) ---
0000     PIC base gid=0      a=0.904866 b=0 c=-0.00283362 d=-0.00132653

--- kernel_log (step=19, dt=0.00410748) ---
0000     PIC base gid=0      a=0.878188 b=0.389911 c=-0.00793501 d=-0.00527027

--- kernel_log (step=20, dt=0.154924) ---
0000     PIC base gid=0      a=0.911704 b=0 c=-0.00210436 d=-0.00150318

--- kernel_log (step=21, dt=0.00404) ---
0000     PIC base gid=0      a=0.795341 b=0.366468 c=-0.00534267 d=-0.00512468

--- kernel_log (step=22, dt=0.173213) ---
0000     PIC base gid=0      a=0.854257 b=0 c=-0.000126915 d=-0.00134888

--- kernel_log (step=23, dt=0.00389314) ---
0000     PIC base gid=0      a=0.7561 b=0.376395 c=-0.00302391 d=-0.00563125

--- kernel_log (step=24, dt=0.179986) ---
0000     PIC base gid=0      a=0.82904 b=0 c=0.00104783 d=-0.00169059

--- kernel_log (step=25, dt=0.00385144) ---
0000     PIC base gid=0      a=0.774843 b=0.394618 c=-0.00201362 d=-0.00623321

--- kernel_log (step=26, dt=0.172827) ---
0000     PIC base gid=0      a=0.831479 b=0 c=0.00122853 d=-0.00223248

--- kernel_log (step=27, dt=0.00391048) ---
0000     PIC base gid=0      a=0.827715 b=0.407609 c=-0.00243403 d=-0.00597137

--- kernel_log (step=28, dt=0.169316) ---
0000     PIC base gid=0      a=0.863337 b=0 c=0.00049421 d=-0.00249224

--- kernel_log (step=29, dt=0.00394718) ---
0000     PIC base gid=0      a=0.874905 b=0.42253 c=-0.00367571 d=-0.0054386

--- kernel_log (step=30, dt=0.192686) ---
0000     PIC base gid=0      a=0.907587 b=0 c=-0.00059183 d=-0.00238691

--- kernel_log (step=31, dt=0.00378982) ---
0000     PIC base gid=0      a=0.916436 b=0.482657 c=-0.00520372 d=-0.00492647

--- kernel_log (step=32, dt=0.214) ---
0000     PIC base gid=0      a=0.943614 b=0 c=-0.00154748 d=-0.00212342

--- kernel_log (step=33, dt=0.00367241) ---
0000     PIC base gid=0      a=0.947648 b=0.533321 c=-0.00546252 d=-0.00416634

--- kernel_log (step=34, dt=0.242125) ---
0000     PIC base gid=0      a=0.969002 b=0 c=-0.00171455 d=-0.00170859

--- kernel_log (step=35, dt=0.00354006) ---
0000     PIC base gid=0      a=0.980355 b=0.594549 c=-0.00407373 d=-0.00310558

--- kernel_log (step=36, dt=0.226448) ---
0000     PIC base gid=0      a=0.99081 b=0 c=-0.00100222 d=-0.00115544

--- kernel_log (step=37, dt=0.00361928) ---
0000     PIC base gid=0      a=1.00661 b=0.583278 c=-0.00203642 d=-0.00185743

--- kernel_log (step=38, dt=0.217227) ---
0000     PIC base gid=0      a=1.0098 b=0 c=8.74057e-05 d=-0.000474163

--- kernel_log (step=39, dt=0.00367524) ---
0000     PIC base gid=0      a=1.01958 b=0.573057 c=-0.000292745 d=-0.000672517

--- kernel_log (step=40, dt=0.213375) ---
0000     PIC base gid=0      a=1.01448 b=0 c=0.00116456 d=0.000177641
