
--- kernel_log (step=1, dt=0.00880369) ---
0000     PIC base gid=0      a=1.32813 b=0.132647 c=-0.00870649 d=0.000916594

--- kernel_log (step=2, dt=0.169624) ---
0000     PIC base gid=0      a=1.29807 b=0 c=-0.00382818 d=0.00107123

--- kernel_log (step=3, dt=0.0038137) ---
0000     PIC base gid=0      a=1.26912 b=0.657318 c=-0.0210806 d=0.000980366

--- kernel_log (step=4, dt=0.0710928) ---
0000     PIC base gid=0      a=1.23756 b=0 c=-0.0101096 d=0.00213205

--- kernel_log (step=5, dt=0.00526678) ---
0000     PIC base gid=0      a=1.21308 b=0.306244 c=-0.0179132 d=0.000604152

--- kernel_log (step=6, dt=0.0731255) ---
0000     PIC base gid=0      a=1.16964 b=0 c=-0.0098127 d=0.00196665

--- kernel_log (step=7, dt=0.00523731) ---
0000     PIC base gid=0      a=1.15839 b=0.297998 c=-0.0180329 d=-0.000974354

--- kernel_log (step=8, dt=0.0877166) ---
0000     PIC base gid=0      a=1.11074 b=0 c=-0.0107276 d=0.00110249

--- kernel_log (step=9, dt=0.00489079) ---
0000     PIC base gid=0      a=1.08096 b=0.324442 c=-0.0184423 d=-0.00317767

--- kernel_log (step=10, dt=0.0860881) ---
0000     PIC base gid=0      a=1.04309 b=0 c=-0.0108336 d=-0.000154665

--- kernel_log (step=11, dt=0.00496752) ---
0000     PIC base gid=0      a=1.00118 b=0.293954 c=-0.0163118 d=-0.00464939

--- kernel_log (step=12, dt=0.0947464) ---
0000     PIC base gid=0      a=0.971704 b=0 c=-0.0088403 d=-0.000898771

--- kernel_log (step=13, dt=0.00479552) ---
0000     PIC base gid=0      a=0.938729 b=0.29763 c=-0.0136703 d=-0.00598914

--- kernel_log (step=14, dt=0.0939141) ---
0000     PIC base gid=0      a=0.923059 b=0 c=-0.00663535 d=-0.00157811

--- kernel_log (step=15, dt=0.00481087) ---
0000     PIC base gid=0      a=0.903839 b=0.282843 c=-0.0108087 d=-0.00602216

--- kernel_log (step=16, dt=0.108481) ---
0000     PIC base gid=0      a=0.903287 b=0 c=-0.00450869 d=-0.00158387

--- kernel_log (step=17, dt=0.0045823) ---
0000     PIC base gid=0      a=0.884498 b=0.310711 c=-0.00884586 d=-0.00556315

--- kernel_log (step=18, dt=0.146636) ---
0000     PIC base gid=0      a=0.904864 b=0 c=-0.00283357 d=-0.00132651

--- kernel_log (step=19, dt=0.00410748) ---
0000     PIC base gid=0      a=0.878186 b=0.38991 c=-0.00793495 d=-0.00527023

--- kernel_log (step=20, dt=0.154924) ---
0000     PIC base gid=0      a=0.911702 b=0 c=-0.0021043 d=-0.00150315

--- kernel_log (step=21, dt=0.00404) ---
0000     PIC base gid=0      a=0.795339 b=0.366468 c=-0.0053426 d=-0.00512463

--- kernel_log (step=22, dt=0.173213) ---
0000     PIC base gid=0      a=0.854255 b=0 c=-0.000126863 d=-0.00134885

--- kernel_log (step=23, dt=0.00389313) ---
0000     PIC base gid=0      a=0.756099 b=0.376395 c=-0.00302391 d=-0.00563125

--- kernel_log (step=24, dt=0.179986) ---
0000     PIC base gid=0      a=0.829039 b=0 c=0.00104785 d=-0.00169058

--- kernel_log (step=25, dt=0.00385144) ---
0000     PIC base gid=0      a=0.774843 b=0.394617 c=-0.00201369 d=-0.00623316

--- kernel_log (step=26, dt=0.172827) ---
0000     PIC base gid=0      a=0.831478 b=0 c=0.0012285 d=-0.00223246

--- kernel_log (step=27, dt=0.00391048) ---
0000     PIC base gid=0      a=0.827715 b=0.407609 c=-0.00243417 d=-0.00597139

--- kernel_log (step=28, dt=0.169317) ---
0000     PIC base gid=0      a=0.863336 b=0 c=0.00049415 d=-0.00249224

--- kernel_log (step=29, dt=0.00394717) ---
0000     PIC base gid=0      a=0.874904 b=0.42253 c=-0.00367578 d=-0.00543859

--- kernel_log (step=30, dt=0.192687) ---
0000     PIC base gid=0      a=0.907586 b=0 c=-0.000591853 d=-0.00238689

--- kernel_log (step=31, dt=0.00378982) ---
0000     PIC base gid=0      a=0.916436 b=0.482659 c=-0.00520371 d=-0.00492644

--- kernel_log (step=32, dt=0.214) ---
0000     PIC base gid=0      a=0.943614 b=0 c=-0.00154747 d=-0.0021234

--- kernel_log (step=33, dt=0.00367241) ---
0000     PIC base gid=0      a=0.947648 b=0.533321 c=-0.00546251 d=-0.00416631

--- kernel_log (step=34, dt=0.242121) ---
0000     PIC base gid=0      a=0.969 b=0 c=-0.00171453 d=-0.00170856

--- kernel_log (step=35, dt=0.00354008) ---
0000     PIC base gid=0      a=0.980355 b=0.594542 c=-0.00407376 d=-0.00310558

--- kernel_log (step=36, dt=0.226448) ---
0000     PIC base gid=0      a=0.99081 b=0 c=-0.00100223 d=-0.00115542

--- kernel_log (step=37, dt=0.00361928) ---
0000     PIC base gid=0      a=1.00661 b=0.583279 c=-0.00203645 d=-0.00185744

--- kernel_log (step=38, dt=0.217226) ---
0000     PIC base gid=0      a=1.0098 b=0 c=8.74004e-05 d=-0.000474143

--- kernel_log (step=39, dt=0.00367525) ---
0000     PIC base gid=0      a=1.01958 b=0.573056 c=-0.00029276 d=-0.000672516

--- kernel_log (step=40, dt=0.213376) ---
0000     PIC base gid=0      a=1.01448 b=0 c=0.00116457 d=0.00017766
