
--- kernel_log (step=1, dt=0.00880369) ---
0000     PIC base gid=0      a=1.32813 b=0.132647 c=-0.00870649 d=0.000916594

--- kernel_log (step=2, dt=0.169624) ---
0000     PIC base gid=0      a=1.29807 b=0 c=-0.00382818 d=0.00107123

--- kernel_log (step=3, dt=0.0038137) ---
0000     PIC base gid=0      a=1.26912 b=0.657318 c=-0.0210806 d=0.000980366

--- kernel_log (step=4, dt=0.0710928) ---
0000     PIC base gid=0      a=1.23756 b=0 c=-0.0101096 d=0.00213205

--- kernel_log (step=5, dt=0.00526678) ---
0000     PIC base gid=0      a=1.21308 b=0.306244 c=-0.0179132 d=0.000604152

--- kernel_log (step=6, dt=0.0731255) ---
0000     PIC base gid=0      a=1.16964 b=0 c=-0.0098127 d=0.00196666

--- kernel_log (step=7, dt=0.00523731) ---
0000     PIC base gid=0      a=1.15839 b=0.297999 c=-0.0180329 d=-0.000974355

--- kernel_log (step=8, dt=0.0877166) ---
0000     PIC base gid=0      a=1.11074 b=0 c=-0.0107276 d=0.00110249

--- kernel_log (step=9, dt=0.00489079) ---
0000     PIC base gid=0      a=1.08096 b=0.324442 c=-0.0184423 d=-0.00317766

--- kernel_log (step=10, dt=0.0860881) ---
0000     PIC base gid=0      a=1.04309 b=0 c=-0.0108336 d=-0.000154662

--- kernel_log (step=11, dt=0.00496752) ---
0000     PIC base gid=0      a=1.00118 b=0.293954 c=-0.0163118 d=-0.00464939

--- kernel_log (step=12, dt=0.0947464) ---
0000     PIC base gid=0      a=0.971704 b=0 c=-0.0088403 d=-0.000898767

--- kernel_log (step=13, dt=0.00479552) ---
0000     PIC base gid=0      a=0.938729 b=0.29763 c=-0.0136703 d=-0.00598914

--- kernel_log (step=14, dt=0.0939142) ---
0000     PIC base gid=0      a=0.923059 b=0 c=-0.00663535 d=-0.00157811

--- kernel_log (step=15, dt=0.00481087) ---
0000     PIC base gid=0      a=0.903841 b=0.282844 c=-0.0108087 d=-0.00602219

--- kernel_log (step=16, dt=0.108481) ---
0000     PIC base gid=0      a=0.90329 b=0 c=-0.00450872 d=-0.00158389

--- kernel_log (step=17, dt=0.0045823) ---
0000     PIC base gid=0      a=0.884501 b=0.310712 c=-0.00884591 d=-0.00556318

--- kernel_log (step=18, dt=0.146636) ---
0000     PIC base gid=0      a=0.904866 b=0 c=-0.00283362 d=-0.00132653

--- kernel_log (step=19, dt=0.00410748) ---
0000     PIC base gid=0      a=0.878188 b=0.389911 c=-0.00793501 d=-0.00527026

--- kernel_log (step=20, dt=0.154924) ---
0000     PIC base gid=0      a=0.911704 b=0 c=-0.00210436 d=-0.00150317

--- kernel_log (step=21, dt=0.00404) ---
0000     PIC base gid=0      a=0.795341 b=0.366469 c=-0.00534268 d=-0.00512467

--- kernel_log (step=22, dt=0.173213) ---
0000     PIC base gid=0      a=0.854257 b=0 c=-0.000126916 d=-0.00134887

--- kernel_log (step=23, dt=0.00389313) ---
0000     PIC base gid=0      a=0.7561 b=0.376395 c=-0.00302393 d=-0.00563126

--- kernel_log (step=24, dt=0.179986) ---
0000     PIC base gid=0      a=0.82904 b=0 c=0.00104783 d=-0.00169059

--- kernel_log (step=25, dt=0.00385144) ---
0000     PIC base gid=0      a=0.774843 b=0.394617 c=-0.00201362 d=-0.00623317

--- kernel_log (step=26, dt=0.172828) ---
0000     PIC base gid=0      a=0.831479 b=0 c=0.00122853 d=-0.00223247

--- kernel_log (step=27, dt=0.00391048) ---
0000     PIC base gid=0      a=0.827715 b=0.40761 c=-0.00243404 d=-0.00597136

--- kernel_log (step=28, dt=0.169317) ---
0000     PIC base gid=0      a=0.863336 b=0 c=0.0004942 d=-0.00249223

--- kernel_log (step=29, dt=0.00394717) ---
0000     PIC base gid=0      a=0.874904 b=0.42253 c=-0.00367571 d=-0.00543858

--- kernel_log (step=30, dt=0.192686) ---
0000     PIC base gid=0      a=0.907586 b=0 c=-0.00059184 d=-0.00238689

--- kernel_log (step=31, dt=0.00378982) ---
0000     PIC base gid=0      a=0.916435 b=0.482657 c=-0.00520368 d=-0.00492642

--- kernel_log (step=32, dt=0.214) ---
0000     PIC base gid=0      a=0.943614 b=0 c=-0.00154747 d=-0.00212339

--- kernel_log (step=33, dt=0.00367241) ---
0000     PIC base gid=0      a=0.947649 b=0.533322 c=-0.00546249 d=-0.00416628

--- kernel_log (step=34, dt=0.24212) ---
0000     PIC base gid=0      a=0.969001 b=0 c=-0.00171454 d=-0.00170856

--- kernel_log (step=35, dt=0.00354008) ---
0000     PIC base gid=0      a=0.980356 b=0.594542 c=-0.00407372 d=-0.00310558

--- kernel_log (step=36, dt=0.22645) ---
0000     PIC base gid=0      a=0.990811 b=0 c=-0.00100225 d=-0.00115544

--- kernel_log (step=37, dt=0.00361927) ---
0000     PIC base gid=0      a=1.00661 b=0.583282 c=-0.00203645 d=-0.00185746

--- kernel_log (step=38, dt=0.217228) ---
0000     PIC base gid=0      a=1.00981 b=0 c=8.73738e-05 d=-0.000474162

--- kernel_log (step=39, dt=0.00367524) ---
0000     PIC base gid=0      a=1.01958 b=0.57306 c=-0.000292729 d=-0.000672515

--- kernel_log (step=40, dt=0.213375) ---
0000     PIC base gid=0      a=1.01448 b=0 c=0.00116455 d=0.000177651
