
--- kernel_log (step=1, dt=0.00880369) ---
0000     PIC base gid=0      a=1.11661 b=0.111602 c=-0.00796493 d=0.000878416

--- kernel_log (step=2, dt=0.158766) ---
0000     PIC base gid=0      a=1.0781 b=0 c=-0.00398062 d=0.000774448

--- kernel_log (step=3, dt=0.00354269) ---
0000     PIC base gid=0      a=1.06255 b=0.642077 c=-0.0208898 d=0.00136295

--- kernel_log (step=4, dt=0.0783452) ---
0000     PIC base gid=0      a=1.01896 b=0 c=-0.0109396 d=0.00186688

--- kernel_log (step=5, dt=0.00451219) ---
0000     PIC base gid=0      a=0.999556 b=0.353052 c=-0.0195342 d=0.000532614

--- kernel_log (step=6, dt=0.0854932) ---
0000     PIC base gid=0      a=0.945357 b=0 c=-0.0113369 d=0.00164285

--- kernel_log (step=7, dt=0.00438858) ---
0000     PIC base gid=0      a=0.938233 b=0.354166 c=-0.0205389 d=-0.00164836

--- kernel_log (step=8, dt=0.108333) ---
0000     PIC base gid=0      a=0.884949 b=0 c=-0.0125447 d=0.0006026

--- kernel_log (step=9, dt=0.00402668) ---
0000     PIC base gid=0      a=0.870886 b=0.3944 c=-0.0192417 d=-0.00393058

--- kernel_log (step=10, dt=0.115569) ---
0000     PIC base gid=0      a=0.833587 b=0 c=-0.0103196 d=-0.000124998

--- kernel_log (step=11, dt=0.00395135) ---
0000     PIC base gid=0      a=0.827074 b=0.391485 c=-0.0151253 d=-0.0051222

--- kernel_log (step=12, dt=0.132312) ---
0000     PIC base gid=0      a=0.814023 b=0 c=-0.00694495 d=-0.000475279

--- kernel_log (step=13, dt=0.00379046) ---
0000     PIC base gid=0      a=0.807252 b=0.41988 c=-0.0107329 d=-0.0053595

--- kernel_log (step=14, dt=0.129196) ---
0000     PIC base gid=0      a=0.8172 b=0 c=-0.00388499 d=-0.000759613

--- kernel_log (step=15, dt=0.0038354) ---
0000     PIC base gid=0      a=0.811702 b=0.413254 c=-0.0067365 d=-0.00543299

--- kernel_log (step=16, dt=0.149444) ---
0000     PIC base gid=0      a=0.84241 b=0 c=-0.0014421 d=-0.00116556

--- kernel_log (step=17, dt=0.0036663) ---
0000     PIC base gid=0      a=0.814896 b=0.457345 c=-0.00416497 d=-0.00607209

--- kernel_log (step=18, dt=0.167062) ---
0000     PIC base gid=0      a=0.856366 b=0 c=0.000167396 d=-0.00183143

--- kernel_log (step=19, dt=0.00354746) ---
0000     PIC base gid=0      a=0.788978 b=0.474846 c=-0.00187696 d=-0.00592057

--- kernel_log (step=20, dt=0.148147) ---
0000     PIC base gid=0      a=0.825683 b=0 c=0.00157529 d=-0.00202613

--- kernel_log (step=21, dt=0.00369176) ---
0000     PIC base gid=0      a=0.795249 b=0.440422 c=-0.000943698 d=-0.00509662

--- kernel_log (step=22, dt=0.169302) ---
0000     PIC base gid=0      a=0.831301 b=0 c=0.00176339 d=-0.00172563

--- kernel_log (step=23, dt=0.00355221) ---
0000     PIC base gid=0      a=0.82017 b=0.494101 c=-0.00180762 d=-0.00403326

--- kernel_log (step=24, dt=0.195546) ---
0000     PIC base gid=0      a=0.844993 b=0 c=0.000961496 d=-0.00113386

--- kernel_log (step=25, dt=0.00340798) ---
0000     PIC base gid=0      a=0.849251 b=0.557017 c=-0.00290273 d=-0.00277913

--- kernel_log (step=26, dt=0.217937) ---
0000     PIC base gid=0      a=0.851126 b=0 c=-0.000130086 d=-0.000338614

--- kernel_log (step=27, dt=0.00331036) ---
0000     PIC base gid=0      a=0.867676 b=0.603485 c=-0.00339394 d=-0.00167821

--- kernel_log (step=28, dt=0.271081) ---
0000     PIC base gid=0      a=0.855838 b=0 c=-0.000821414 d=0.000447093

--- kernel_log (step=29, dt=0.0031357) ---
0000     PIC base gid=0      a=0.874869 b=0.680154 c=-0.0031147 d=-0.000847459

--- kernel_log (step=30, dt=0.229697) ---
0000     PIC base gid=0      a=0.850028 b=0 c=-0.000765322 d=0.0010628

--- kernel_log (step=31, dt=0.0032654) ---
0000     PIC base gid=0      a=0.876675 b=0.627449 c=-0.00216461 d=-0.000163406

--- kernel_log (step=32, dt=0.221165) ---
0000     PIC base gid=0      a=0.851875 b=0 c=-0.000270204 d=0.00142727

--- kernel_log (step=33, dt=0.00330411) ---
0000     PIC base gid=0      a=0.881509 b=0.615737 c=-0.00132757 d=0.000294891

--- kernel_log (step=34, dt=0.254883) ---
0000     PIC base gid=0      a=0.864068 b=0 c=0.00027846 d=0.00168037

--- kernel_log (step=35, dt=0.00318899) ---
0000     PIC base gid=0      a=0.892296 b=0.671202 c=-0.000786434 d=0.000534222

--- kernel_log (step=36, dt=0.259411) ---
0000     PIC base gid=0      a=0.875241 b=0 c=0.000704454 d=0.00189012

--- kernel_log (step=37, dt=0.00317476) ---
0000     PIC base gid=0      a=0.902454 b=0.684455 c=-0.000759562 d=0.000194932

--- kernel_log (step=38, dt=0.260359) ---
0000     PIC base gid=0      a=0.884053 b=0 c=0.000758852 d=0.00174088

--- kernel_log (step=39, dt=0.00317474) ---
0000     PIC base gid=0      a=0.907493 b=0.689295 c=-0.00130135 d=-0.000618941

--- kernel_log (step=40, dt=0.272976) ---
0000     PIC base gid=0      a=0.889475 b=0 c=0.00046304 d=0.00130476
