
--- kernel_log (step=1, dt=0.00880369) ---
0000     PIC base gid=0      a=1.32813 b=0.132647 c=-0.00870649 d=0.000916594

--- kernel_log (step=2, dt=0.169624) ---
0000     PIC base gid=0      a=1.29807 b=0 c=-0.00382818 d=0.00107123

--- kernel_log (step=3, dt=0.0038137) ---
0000     PIC base gid=0      a=1.26912 b=0.657318 c=-0.0210806 d=0.000980366

--- kernel_log (step=4, dt=0.0710928) ---
0000     PIC base gid=0      a=1.23756 b=0 c=-0.0101096 d=0.00213205

--- kernel_log (step=5, dt=0.00526678) ---
0000     PIC base gid=0      a=1.21308 b=0.306244 c=-0.0179132 d=0.000604153

--- kernel_log (step=6, dt=0.0731255) ---
0000     PIC base gid=0      a=1.16964 b=0 c=-0.0098127 d=0.00196666

--- kernel_log (step=7, dt=0.00523731) ---
0000     PIC base gid=0      a=1.15839 b=0.297998 c=-0.0180329 d=-0.000974354

--- kernel_log (step=8, dt=0.0877165) ---
0000     PIC base gid=0      a=1.11074 b=0 c=-0.0107276 d=0.00110249

--- kernel_log (step=9, dt=0.00489079) ---
0000     PIC base gid=0      a=1.08096 b=0.324441 c=-0.0184423 d=-0.00317766

--- kernel_log (step=10, dt=0.086088) ---
0000     PIC base gid=0      a=1.04309 b=0 c=-0.0108336 d=-0.000154663

--- kernel_log (step=11, dt=0.00496753) ---
0000     PIC base gid=0      a=1.00118 b=0.293953 c=-0.0163118 d=-0.00464938

--- kernel_log (step=12, dt=0.0947464) ---
0000     PIC base gid=0      a=0.971704 b=0 c=-0.00884029 d=-0.000898768

--- kernel_log (step=13, dt=0.00479552) ---
0000     PIC base gid=0      a=0.938728 b=0.29763 c=-0.0136703 d=-0.00598914

--- kernel_log (step=14, dt=0.0939142) ---
0000     PIC base gid=0      a=0.923059 b=0 c=-0.00663535 d=-0.00157811

--- kernel_log (step=15, dt=0.00481087) ---
0000     PIC base gid=0      a=0.903839 b=0.282843 c=-0.0108087 d=-0.00602216

--- kernel_log (step=16, dt=0.108481) ---
0000     PIC base gid=0      a=0.903288 b=0 c=-0.00450868 d=-0.00158386

--- kernel_log (step=17, dt=0.0045823) ---
0000     PIC base gid=0      a=0.884499 b=0.310712 c=-0.00884585 d=-0.00556315

--- kernel_log (step=18, dt=0.146636) ---
0000     PIC base gid=0      a=0.904864 b=0 c=-0.00283357 d=-0.00132651

--- kernel_log (step=19, dt=0.00410748) ---
0000     PIC base gid=0      a=0.878186 b=0.389911 c=-0.00793493 d=-0.00527023

--- kernel_log (step=20, dt=0.154924) ---
0000     PIC base gid=0      a=0.911702 b=0 c=-0.00210429 d=-0.00150315

--- kernel_log (step=21, dt=0.00404) ---
0000     PIC base gid=0      a=0.79534 b=0.366468 c=-0.00534257 d=-0.00512463

--- kernel_log (step=22, dt=0.173213) ---
0000     PIC base gid=0      a=0.854256 b=0 c=-0.000126848 d=-0.00134885

--- kernel_log (step=23, dt=0.00389314) ---
0000     PIC base gid=0      a=0.7561 b=0.376394 c=-0.00302388 d=-0.00563125

--- kernel_log (step=24, dt=0.179986) ---
0000     PIC base gid=0      a=0.829039 b=0 c=0.00104786 d=-0.00169058

--- kernel_log (step=25, dt=0.00385144) ---
0000     PIC base gid=0      a=0.774843 b=0.394617 c=-0.00201375 d=-0.00623322

--- kernel_log (step=26, dt=0.172827) ---
0000     PIC base gid=0      a=0.831478 b=0 c=0.00122848 d=-0.00223249

--- kernel_log (step=27, dt=0.00391048) ---
0000     PIC base gid=0      a=0.827714 b=0.407608 c=-0.00243417 d=-0.00597146

--- kernel_log (step=28, dt=0.169316) ---
0000     PIC base gid=0      a=0.863335 b=0 c=0.000494157 d=-0.00249227

--- kernel_log (step=29, dt=0.00394718) ---
0000     PIC base gid=0      a=0.874903 b=0.422528 c=-0.00367586 d=-0.00543866

--- kernel_log (step=30, dt=0.192688) ---
0000     PIC base gid=0      a=0.907586 b=0 c=-0.000591875 d=-0.00238692

--- kernel_log (step=31, dt=0.00378981) ---
0000     PIC base gid=0      a=0.916435 b=0.48266 c=-0.00520384 d=-0.0049265

--- kernel_log (step=32, dt=0.214001) ---
0000     PIC base gid=0      a=0.943613 b=0 c=-0.00154752 d=-0.00212342

--- kernel_log (step=33, dt=0.0036724) ---
0000     PIC base gid=0      a=0.947647 b=0.533323 c=-0.0054626 d=-0.00416635

--- kernel_log (step=34, dt=0.242119) ---
0000     PIC base gid=0      a=0.968999 b=0 c=-0.00171455 d=-0.00170858

--- kernel_log (step=35, dt=0.00354009) ---
0000     PIC base gid=0      a=0.980354 b=0.594539 c=-0.00407379 d=-0.00310564

--- kernel_log (step=36, dt=0.226451) ---
0000     PIC base gid=0      a=0.990808 b=0 c=-0.00100224 d=-0.00115545

--- kernel_log (step=37, dt=0.00361926) ---
0000     PIC base gid=0      a=1.00661 b=0.583283 c=-0.0020365 d=-0.0018575

--- kernel_log (step=38, dt=0.21723) ---
0000     PIC base gid=0      a=1.0098 b=0 c=8.73685e-05 d=-0.00047417

--- kernel_log (step=39, dt=0.00367523) ---
0000     PIC base gid=0      a=1.01958 b=0.573061 c=-0.000292776 d=-0.00067258

--- kernel_log (step=40, dt=0.213374) ---
0000     PIC base gid=0      a=1.01448 b=0 c=0.00116454 d=0.000177634
