
--- kernel_log (step=1, dt=0.00880369) ---
0000     PIC base gid=0      a=1.11661 b=0.111602 c=-0.00796493 d=0.000878416

--- kernel_log (step=2, dt=0.158766) ---
0000     PIC base gid=0      a=1.0781 b=0 c=-0.00398062 d=0.000774448

--- kernel_log (step=3, dt=0.00354269) ---
0000     PIC base gid=0      a=1.06255 b=0.642077 c=-0.0208898 d=0.00136295

--- kernel_log (step=4, dt=0.0783452) ---
0000     PIC base gid=0      a=1.01896 b=0 c=-0.0109396 d=0.00186688

--- kernel_log (step=5, dt=0.00451219) ---
0000     PIC base gid=0      a=0.999556 b=0.353052 c=-0.0195342 d=0.000532613

--- kernel_log (step=6, dt=0.0854932) ---
0000     PIC base gid=0      a=0.945357 b=0 c=-0.0113369 d=0.00164285

--- kernel_log (step=7, dt=0.00438858) ---
0000     PIC base gid=0      a=0.938233 b=0.354166 c=-0.020539 d=-0.00164837

--- kernel_log (step=8, dt=0.108333) ---
0000     PIC base gid=0      a=0.884949 b=0 c=-0.0125447 d=0.000602598

--- kernel_log (step=9, dt=0.00402668) ---
0000     PIC base gid=0      a=0.870886 b=0.3944 c=-0.0192417 d=-0.00393059

--- kernel_log (step=10, dt=0.115569) ---
0000     PIC base gid=0      a=0.833587 b=0 c=-0.0103196 d=-0.000125001

--- kernel_log (step=11, dt=0.00395135) ---
0000     PIC base gid=0      a=0.827074 b=0.391485 c=-0.0151254 d=-0.00512221

--- kernel_log (step=12, dt=0.132312) ---
0000     PIC base gid=0      a=0.814023 b=0 c=-0.00694496 d=-0.000475283

--- kernel_log (step=13, dt=0.00379046) ---
0000     PIC base gid=0      a=0.807252 b=0.41988 c=-0.010733 d=-0.00535951

--- kernel_log (step=14, dt=0.129196) ---
0000     PIC base gid=0      a=0.8172 b=0 c=-0.00388501 d=-0.000759618

--- kernel_log (step=15, dt=0.0038354) ---
0000     PIC base gid=0      a=0.811702 b=0.413254 c=-0.00673654 d=-0.00543298

--- kernel_log (step=16, dt=0.149444) ---
0000     PIC base gid=0      a=0.84241 b=0 c=-0.00144211 d=-0.00116555

--- kernel_log (step=17, dt=0.0036663) ---
0000     PIC base gid=0      a=0.814896 b=0.457345 c=-0.00416503 d=-0.00607208

--- kernel_log (step=18, dt=0.167062) ---
0000     PIC base gid=0      a=0.856366 b=0 c=0.000167378 d=-0.00183142

--- kernel_log (step=19, dt=0.00354746) ---
0000     PIC base gid=0      a=0.788978 b=0.474846 c=-0.00187702 d=-0.00592053

--- kernel_log (step=20, dt=0.148147) ---
0000     PIC base gid=0      a=0.825683 b=0 c=0.00157528 d=-0.00202611

--- kernel_log (step=21, dt=0.00369176) ---
0000     PIC base gid=0      a=0.79525 b=0.440422 c=-0.000943716 d=-0.00509658

--- kernel_log (step=22, dt=0.169302) ---
0000     PIC base gid=0      a=0.831302 b=0 c=0.00176338 d=-0.00172562

--- kernel_log (step=23, dt=0.00355221) ---
0000     PIC base gid=0      a=0.820169 b=0.494101 c=-0.00180762 d=-0.00403332

--- kernel_log (step=24, dt=0.195546) ---
0000     PIC base gid=0      a=0.844992 b=0 c=0.000961504 d=-0.00113388

--- kernel_log (step=25, dt=0.00340799) ---
0000     PIC base gid=0      a=0.849251 b=0.557016 c=-0.0029027 d=-0.00277918

--- kernel_log (step=26, dt=0.217937) ---
0000     PIC base gid=0      a=0.851126 b=0 c=-0.000130068 d=-0.000338624

--- kernel_log (step=27, dt=0.00331036) ---
0000     PIC base gid=0      a=0.867676 b=0.603485 c=-0.00339394 d=-0.00167826

--- kernel_log (step=28, dt=0.271081) ---
0000     PIC base gid=0      a=0.855838 b=0 c=-0.000821416 d=0.000447092

--- kernel_log (step=29, dt=0.0031357) ---
0000     PIC base gid=0      a=0.874869 b=0.680154 c=-0.00311473 d=-0.000847494

--- kernel_log (step=30, dt=0.2297) ---
0000     PIC base gid=0      a=0.850028 b=0 c=-0.000765347 d=0.00106279

--- kernel_log (step=31, dt=0.00326538) ---
0000     PIC base gid=0      a=0.876675 b=0.627454 c=-0.00216464 d=-0.000163441

--- kernel_log (step=32, dt=0.221164) ---
0000     PIC base gid=0      a=0.851875 b=0 c=-0.000270222 d=0.00142726

--- kernel_log (step=33, dt=0.00330411) ---
0000     PIC base gid=0      a=0.881509 b=0.615736 c=-0.00132758 d=0.000294891

--- kernel_log (step=34, dt=0.254884) ---
0000     PIC base gid=0      a=0.864069 b=0 c=0.00027844 d=0.00168036

--- kernel_log (step=35, dt=0.00318899) ---
0000     PIC base gid=0      a=0.892298 b=0.671203 c=-0.000786382 d=0.000534243

--- kernel_log (step=36, dt=0.25941) ---
0000     PIC base gid=0      a=0.875242 b=0 c=0.000704473 d=0.00189011

--- kernel_log (step=37, dt=0.00317476) ---
0000     PIC base gid=0      a=0.902456 b=0.684456 c=-0.000759488 d=0.000194963

--- kernel_log (step=38, dt=0.260356) ---
0000     PIC base gid=0      a=0.884054 b=0 c=0.000758883 d=0.00174089

--- kernel_log (step=39, dt=0.00317475) ---
0000     PIC base gid=0      a=0.907494 b=0.689292 c=-0.00130133 d=-0.000618879

--- kernel_log (step=40, dt=0.272977) ---
0000     PIC base gid=0      a=0.889475 b=0 c=0.000463032 d=0.0013048
